1573297405989	mozrunner::runner	INFO	Running command: "/Applications/Firefox.app/Contents/MacOS/firefox-bin" "-marionette" "-foreground" "-no-remote" "-profile" "/var/folders/_6/bdbf1np54xd8c304c8t4rhnh0000gn/T/rust_mozprofile97MFIX"
1573297407147	addons.webextension.screenshots@mozilla.org	WARN	Loading extension 'screenshots@mozilla.org': Reading manifest: Invalid extension permission: mozillaAddons
1573297407147	addons.webextension.screenshots@mozilla.org	WARN	Loading extension 'screenshots@mozilla.org': Reading manifest: Invalid extension permission: telemetry
1573297407148	addons.webextension.screenshots@mozilla.org	WARN	Loading extension 'screenshots@mozilla.org': Reading manifest: Invalid extension permission: resource://pdf.js/
1573297407148	addons.webextension.screenshots@mozilla.org	WARN	Loading extension 'screenshots@mozilla.org': Reading manifest: Invalid extension permission: about:reader*
1573297409942	Marionette	INFO	Listening on port 55772
1573297410000	Marionette	WARN	TLS certificate errors will be ignored for this session
1573297412594	Marionette	INFO	Stopped listening on port 55772
1573297486970	mozrunner::runner	INFO	Running command: "/Applications/Firefox.app/Contents/MacOS/firefox-bin" "-marionette" "-foreground" "-no-remote" "-profile" "/var/folders/_6/bdbf1np54xd8c304c8t4rhnh0000gn/T/rust_mozprofilek4jcHv"
1573297488123	addons.webextension.screenshots@mozilla.org	WARN	Loading extension 'screenshots@mozilla.org': Reading manifest: Invalid extension permission: mozillaAddons
1573297488123	addons.webextension.screenshots@mozilla.org	WARN	Loading extension 'screenshots@mozilla.org': Reading manifest: Invalid extension permission: telemetry
1573297488123	addons.webextension.screenshots@mozilla.org	WARN	Loading extension 'screenshots@mozilla.org': Reading manifest: Invalid extension permission: resource://pdf.js/
1573297488124	addons.webextension.screenshots@mozilla.org	WARN	Loading extension 'screenshots@mozilla.org': Reading manifest: Invalid extension permission: about:reader*
1573297490828	Marionette	INFO	Listening on port 55942
1573297490873	Marionette	WARN	TLS certificate errors will be ignored for this session
JavaScript warning: https://www.hepsiburada.com/_Incapsula_Resource?SWJIYLWA=719d34d31c8e3a6e6fffd425f7e032f3&ns=1&cb=2105960999, line 1: unreachable code after return statement
JavaScript warning: https://www.hepsiburada.com/_Incapsula_Resource?SWJIYLWA=719d34d31c8e3a6e6fffd425f7e032f3&ns=1&cb=2105960999, line 1: unreachable code after return statement
JavaScript warning: https://www.hepsiburada.com/_Incapsula_Resource?SWJIYLWA=719d34d31c8e3a6e6fffd425f7e032f3&ns=1&cb=2105960999 line 1 > eval, line 1: unreachable code after return statement
1573298692103	mozrunner::runner	INFO	Running command: "/Applications/Firefox.app/Contents/MacOS/firefox-bin" "-marionette" "-foreground" "-no-remote" "-profile" "/var/folders/_6/bdbf1np54xd8c304c8t4rhnh0000gn/T/rust_mozprofilejR1wSr"
1573298693189	addons.webextension.screenshots@mozilla.org	WARN	Loading extension 'screenshots@mozilla.org': Reading manifest: Invalid extension permission: mozillaAddons
1573298693189	addons.webextension.screenshots@mozilla.org	WARN	Loading extension 'screenshots@mozilla.org': Reading manifest: Invalid extension permission: telemetry
1573298693189	addons.webextension.screenshots@mozilla.org	WARN	Loading extension 'screenshots@mozilla.org': Reading manifest: Invalid extension permission: resource://pdf.js/
1573298693189	addons.webextension.screenshots@mozilla.org	WARN	Loading extension 'screenshots@mozilla.org': Reading manifest: Invalid extension permission: about:reader*
1573298695434	Marionette	INFO	Listening on port 56550
1573298695491	Marionette	WARN	TLS certificate errors will be ignored for this session
JavaScript warning: https://www.hepsiburada.com/_Incapsula_Resource?SWJIYLWA=719d34d31c8e3a6e6fffd425f7e032f3&ns=1&cb=653221429, line 1: unreachable code after return statement
1573298700995	Marionette	INFO	Stopped listening on port 56550
1573298835222	mozrunner::runner	INFO	Running command: "/Applications/Firefox.app/Contents/MacOS/firefox-bin" "-marionette" "-foreground" "-no-remote" "-profile" "/var/folders/_6/bdbf1np54xd8c304c8t4rhnh0000gn/T/rust_mozprofileOHY1r7"
1573298836148	addons.webextension.screenshots@mozilla.org	WARN	Loading extension 'screenshots@mozilla.org': Reading manifest: Invalid extension permission: mozillaAddons
1573298836149	addons.webextension.screenshots@mozilla.org	WARN	Loading extension 'screenshots@mozilla.org': Reading manifest: Invalid extension permission: telemetry
1573298836149	addons.webextension.screenshots@mozilla.org	WARN	Loading extension 'screenshots@mozilla.org': Reading manifest: Invalid extension permission: resource://pdf.js/
1573298836149	addons.webextension.screenshots@mozilla.org	WARN	Loading extension 'screenshots@mozilla.org': Reading manifest: Invalid extension permission: about:reader*
1573298838538	Marionette	INFO	Listening on port 56776
1573298838614	Marionette	WARN	TLS certificate errors will be ignored for this session
JavaScript warning: https://www.hepsiburada.com/_Incapsula_Resource?SWJIYLWA=719d34d31c8e3a6e6fffd425f7e032f3&ns=1&cb=1539207623, line 1: unreachable code after return statement
1573298897664	Marionette	INFO	Stopped listening on port 56776
1573298910158	mozrunner::runner	INFO	Running command: "/Applications/Firefox.app/Contents/MacOS/firefox-bin" "-marionette" "-foreground" "-no-remote" "-profile" "/var/folders/_6/bdbf1np54xd8c304c8t4rhnh0000gn/T/rust_mozprofileQgwB8t"
1573298910903	addons.webextension.screenshots@mozilla.org	WARN	Loading extension 'screenshots@mozilla.org': Reading manifest: Invalid extension permission: mozillaAddons
1573298910903	addons.webextension.screenshots@mozilla.org	WARN	Loading extension 'screenshots@mozilla.org': Reading manifest: Invalid extension permission: telemetry
1573298910903	addons.webextension.screenshots@mozilla.org	WARN	Loading extension 'screenshots@mozilla.org': Reading manifest: Invalid extension permission: resource://pdf.js/
1573298910903	addons.webextension.screenshots@mozilla.org	WARN	Loading extension 'screenshots@mozilla.org': Reading manifest: Invalid extension permission: about:reader*
1573298912969	Marionette	INFO	Listening on port 56924
1573298913025	Marionette	WARN	TLS certificate errors will be ignored for this session
JavaScript warning: https://www.hepsiburada.com/_Incapsula_Resource?SWJIYLWA=719d34d31c8e3a6e6fffd425f7e032f3&ns=1&cb=1538227996, line 1: unreachable code after return statement
1573298989921	mozrunner::runner	INFO	Running command: "/Applications/Firefox.app/Contents/MacOS/firefox-bin" "-marionette" "-foreground" "-no-remote" "-profile" "/var/folders/_6/bdbf1np54xd8c304c8t4rhnh0000gn/T/rust_mozprofile4SJFMi"
1573298990842	addons.webextension.screenshots@mozilla.org	WARN	Loading extension 'screenshots@mozilla.org': Reading manifest: Invalid extension permission: mozillaAddons
1573298990842	addons.webextension.screenshots@mozilla.org	WARN	Loading extension 'screenshots@mozilla.org': Reading manifest: Invalid extension permission: telemetry
1573298990842	addons.webextension.screenshots@mozilla.org	WARN	Loading extension 'screenshots@mozilla.org': Reading manifest: Invalid extension permission: resource://pdf.js/
1573298990842	addons.webextension.screenshots@mozilla.org	WARN	Loading extension 'screenshots@mozilla.org': Reading manifest: Invalid extension permission: about:reader*
1573298993166	Marionette	INFO	Listening on port 57062
1573298993208	Marionette	WARN	TLS certificate errors will be ignored for this session
JavaScript warning: https://www.hepsiburada.com/_Incapsula_Resource?SWJIYLWA=719d34d31c8e3a6e6fffd425f7e032f3&ns=1&cb=242835775, line 1: unreachable code after return statement
JavaScript warning: https://www.hepsiburada.com/_Incapsula_Resource?SWJIYLWA=719d34d31c8e3a6e6fffd425f7e032f3&ns=1&cb=242835775, line 1: unreachable code after return statement
JavaScript warning: https://www.hepsiburada.com/_Incapsula_Resource?SWJIYLWA=719d34d31c8e3a6e6fffd425f7e032f3&ns=1&cb=242835775 line 1 > eval, line 1: unreachable code after return statement
1573299208365	mozrunner::runner	INFO	Running command: "/Applications/Firefox.app/Contents/MacOS/firefox-bin" "-marionette" "-foreground" "-no-remote" "-profile" "/var/folders/_6/bdbf1np54xd8c304c8t4rhnh0000gn/T/rust_mozprofile9QUjkH"
1573299209465	addons.webextension.screenshots@mozilla.org	WARN	Loading extension 'screenshots@mozilla.org': Reading manifest: Invalid extension permission: mozillaAddons
1573299209465	addons.webextension.screenshots@mozilla.org	WARN	Loading extension 'screenshots@mozilla.org': Reading manifest: Invalid extension permission: telemetry
1573299209465	addons.webextension.screenshots@mozilla.org	WARN	Loading extension 'screenshots@mozilla.org': Reading manifest: Invalid extension permission: resource://pdf.js/
1573299209465	addons.webextension.screenshots@mozilla.org	WARN	Loading extension 'screenshots@mozilla.org': Reading manifest: Invalid extension permission: about:reader*
1573299211699	Marionette	INFO	Listening on port 57244
1573299211784	Marionette	WARN	TLS certificate errors will be ignored for this session
JavaScript warning: https://www.hepsiburada.com/_Incapsula_Resource?SWJIYLWA=719d34d31c8e3a6e6fffd425f7e032f3&ns=1&cb=910869413, line 1: unreachable code after return statement
JavaScript warning: https://www.hepsiburada.com/_Incapsula_Resource?SWJIYLWA=719d34d31c8e3a6e6fffd425f7e032f3&ns=1&cb=910869413, line 1: unreachable code after return statement
JavaScript warning: https://www.hepsiburada.com/_Incapsula_Resource?SWJIYLWA=719d34d31c8e3a6e6fffd425f7e032f3&ns=1&cb=910869413 line 1 > eval, line 1: unreachable code after return statement
1573299246574	Marionette	INFO	Stopped listening on port 57062
1573299247618	Marionette	INFO	Stopped listening on port 57244
1573299275258	mozrunner::runner	INFO	Running command: "/Applications/Firefox.app/Contents/MacOS/firefox-bin" "-marionette" "-foreground" "-no-remote" "-profile" "/var/folders/_6/bdbf1np54xd8c304c8t4rhnh0000gn/T/rust_mozprofileiRfuXZ"
1573299276043	addons.webextension.screenshots@mozilla.org	WARN	Loading extension 'screenshots@mozilla.org': Reading manifest: Invalid extension permission: mozillaAddons
1573299276044	addons.webextension.screenshots@mozilla.org	WARN	Loading extension 'screenshots@mozilla.org': Reading manifest: Invalid extension permission: telemetry
1573299276044	addons.webextension.screenshots@mozilla.org	WARN	Loading extension 'screenshots@mozilla.org': Reading manifest: Invalid extension permission: resource://pdf.js/
1573299276044	addons.webextension.screenshots@mozilla.org	WARN	Loading extension 'screenshots@mozilla.org': Reading manifest: Invalid extension permission: about:reader*
1573299278109	Marionette	INFO	Listening on port 57385
1573299278137	Marionette	WARN	TLS certificate errors will be ignored for this session
JavaScript warning: https://www.hepsiburada.com/_Incapsula_Resource?SWJIYLWA=719d34d31c8e3a6e6fffd425f7e032f3&ns=1&cb=409399201, line 1: unreachable code after return statement
JavaScript warning: https://www.hepsiburada.com/_Incapsula_Resource?SWJIYLWA=719d34d31c8e3a6e6fffd425f7e032f3&ns=1&cb=409399201, line 1: unreachable code after return statement
JavaScript warning: https://www.hepsiburada.com/_Incapsula_Resource?SWJIYLWA=719d34d31c8e3a6e6fffd425f7e032f3&ns=1&cb=409399201 line 1 > eval, line 1: unreachable code after return statement
1573299320295	Marionette	INFO	Stopped listening on port 57385
1573299321422	mozrunner::runner	INFO	Running command: "/Applications/Firefox.app/Contents/MacOS/firefox-bin" "-marionette" "-foreground" "-no-remote" "-profile" "/var/folders/_6/bdbf1np54xd8c304c8t4rhnh0000gn/T/rust_mozprofile68fbiT"
1573299322066	addons.webextension.screenshots@mozilla.org	WARN	Loading extension 'screenshots@mozilla.org': Reading manifest: Invalid extension permission: mozillaAddons
1573299322066	addons.webextension.screenshots@mozilla.org	WARN	Loading extension 'screenshots@mozilla.org': Reading manifest: Invalid extension permission: telemetry
1573299322066	addons.webextension.screenshots@mozilla.org	WARN	Loading extension 'screenshots@mozilla.org': Reading manifest: Invalid extension permission: resource://pdf.js/
1573299322066	addons.webextension.screenshots@mozilla.org	WARN	Loading extension 'screenshots@mozilla.org': Reading manifest: Invalid extension permission: about:reader*
1573299324295	Marionette	INFO	Listening on port 57516
1573299324318	Marionette	WARN	TLS certificate errors will be ignored for this session
JavaScript warning: https://www.hepsiburada.com/_Incapsula_Resource?SWJIYLWA=719d34d31c8e3a6e6fffd425f7e032f3&ns=1&cb=917148758, line 1: unreachable code after return statement
JavaScript warning: https://www.hepsiburada.com/_Incapsula_Resource?SWJIYLWA=719d34d31c8e3a6e6fffd425f7e032f3&ns=1&cb=917148758, line 1: unreachable code after return statement
JavaScript warning: https://www.hepsiburada.com/_Incapsula_Resource?SWJIYLWA=719d34d31c8e3a6e6fffd425f7e032f3&ns=1&cb=917148758 line 1 > eval, line 1: unreachable code after return statement
1573299352022	mozrunner::runner	INFO	Running command: "/Applications/Firefox.app/Contents/MacOS/firefox-bin" "-marionette" "-foreground" "-no-remote" "-profile" "/var/folders/_6/bdbf1np54xd8c304c8t4rhnh0000gn/T/rust_mozprofile5QqEJ4"
1573299352674	addons.webextension.screenshots@mozilla.org	WARN	Loading extension 'screenshots@mozilla.org': Reading manifest: Invalid extension permission: mozillaAddons
1573299352674	addons.webextension.screenshots@mozilla.org	WARN	Loading extension 'screenshots@mozilla.org': Reading manifest: Invalid extension permission: telemetry
1573299352674	addons.webextension.screenshots@mozilla.org	WARN	Loading extension 'screenshots@mozilla.org': Reading manifest: Invalid extension permission: resource://pdf.js/
1573299352674	addons.webextension.screenshots@mozilla.org	WARN	Loading extension 'screenshots@mozilla.org': Reading manifest: Invalid extension permission: about:reader*
1573299354705	Marionette	INFO	Listening on port 57660
1573299354807	Marionette	WARN	TLS certificate errors will be ignored for this session
JavaScript warning: https://www.hepsiburada.com/_Incapsula_Resource?SWJIYLWA=719d34d31c8e3a6e6fffd425f7e032f3&ns=1&cb=113179658, line 1: unreachable code after return statement
JavaScript warning: https://www.hepsiburada.com/_Incapsula_Resource?SWJIYLWA=719d34d31c8e3a6e6fffd425f7e032f3&ns=1&cb=113179658 line 1 > eval, line 1: unreachable code after return statement
1573299866520	Marionette	INFO	Stopped listening on port 57660
1573299868152	Marionette	INFO	Stopped listening on port 57516
1573299870788	Marionette	INFO	Stopped listening on port 56924
Handler function threw an exception: [Exception... "Component returned failure code: 0x80040111 (NS_ERROR_NOT_AVAILABLE) [nsICacheInfoChannel.isRacing]"  nsresult: "0x80040111 (NS_ERROR_NOT_AVAILABLE)"  location: "JS frame :: resource://devtools/server/actors/network-monitor/network-response-listener.js :: NetworkResponseListener.prototype._getSecurityInfo< :: line 335"  data: no]
Stack: NetworkResponseListener.prototype._getSecurityInfo<@resource://devtools/server/actors/network-monitor/network-response-listener.js:335:26
exports.makeInfallible/<@resource://devtools/shared/ThreadSafeDevToolsUtils.js:111:22
onStartRequest@resource://devtools/server/actors/network-monitor/network-response-listener.js:224:10
Line: 335, column: 0
console.error: ({})
JavaScript error: https://cdn.arkoselabs.com/fc/js/bd138094bb17cf40c3abd1a545873c8f/standard/game_bootstrap.js, line 2: NS_ERROR_FAILURE: 
JavaScript error: https://cdn.arkoselabs.com/fc/js/bd138094bb17cf40c3abd1a545873c8f/standard/game_bootstrap.js, line 2: NS_ERROR_FAILURE: 
JavaScript error: https://cdn.arkoselabs.com/fc/js/bd138094bb17cf40c3abd1a545873c8f/standard/game_bootstrap.js, line 2: NS_ERROR_FAILURE: 
JavaScript error: https://cdn.arkoselabs.com/fc/js/bd138094bb17cf40c3abd1a545873c8f/standard/game_bootstrap.js, line 2: NS_ERROR_FAILURE: 
JavaScript error: https://cdn.arkoselabs.com/fc/js/bd138094bb17cf40c3abd1a545873c8f/standard/game_bootstrap.js, line 2: NS_ERROR_FAILURE: 
JavaScript error: https://cdn.arkoselabs.com/fc/js/bd138094bb17cf40c3abd1a545873c8f/standard/game_bootstrap.js, line 2: NS_ERROR_FAILURE: 
JavaScript error: https://cdn.arkoselabs.com/fc/js/bd138094bb17cf40c3abd1a545873c8f/standard/game_bootstrap.js, line 2: NS_ERROR_FAILURE: 
JavaScript error: https://cdn.arkoselabs.com/fc/js/bd138094bb17cf40c3abd1a545873c8f/standard/game_bootstrap.js, line 2: NS_ERROR_FAILURE: 
JavaScript error: https://cdn.arkoselabs.com/fc/js/bd138094bb17cf40c3abd1a545873c8f/standard/game_bootstrap.js, line 2: NS_ERROR_FAILURE: 
JavaScript error: https://cdn.arkoselabs.com/fc/js/bd138094bb17cf40c3abd1a545873c8f/standard/game_bootstrap.js, line 2: NS_ERROR_FAILURE: 
JavaScript error: https://cdn.arkoselabs.com/fc/js/bd138094bb17cf40c3abd1a545873c8f/standard/game_bootstrap.js, line 2: NS_ERROR_FAILURE: 
JavaScript error: https://cdn.arkoselabs.com/fc/js/bd138094bb17cf40c3abd1a545873c8f/standard/game_bootstrap.js, line 2: NS_ERROR_FAILURE: 
JavaScript error: https://cdn.arkoselabs.com/fc/js/bd138094bb17cf40c3abd1a545873c8f/standard/game_bootstrap.js, line 2: NS_ERROR_FAILURE: 
JavaScript error: https://cdn.arkoselabs.com/fc/js/bd138094bb17cf40c3abd1a545873c8f/standard/game_bootstrap.js, line 2: NS_ERROR_FAILURE: 
JavaScript error: https://cdn.arkoselabs.com/fc/js/bd138094bb17cf40c3abd1a545873c8f/standard/game_bootstrap.js, line 2: NS_ERROR_FAILURE: 
JavaScript error: https://cdn.arkoselabs.com/fc/js/bd138094bb17cf40c3abd1a545873c8f/standard/game_bootstrap.js, line 2: NS_ERROR_FAILURE: 
JavaScript error: https://cdn.arkoselabs.com/fc/js/bd138094bb17cf40c3abd1a545873c8f/standard/game_bootstrap.js, line 2: NS_ERROR_FAILURE: 
JavaScript error: https://cdn.arkoselabs.com/fc/js/bd138094bb17cf40c3abd1a545873c8f/standard/game_bootstrap.js, line 2: NS_ERROR_FAILURE: 
JavaScript error: https://cdn.arkoselabs.com/fc/js/bd138094bb17cf40c3abd1a545873c8f/standard/game_bootstrap.js, line 2: NS_ERROR_FAILURE: 
JavaScript error: https://cdn.arkoselabs.com/fc/js/bd138094bb17cf40c3abd1a545873c8f/standard/game_bootstrap.js, line 2: NS_ERROR_FAILURE: 
JavaScript error: https://cdn.arkoselabs.com/fc/js/bd138094bb17cf40c3abd1a545873c8f/standard/game_bootstrap.js, line 2: NS_ERROR_FAILURE: 
JavaScript error: https://cdn.arkoselabs.com/fc/js/bd138094bb17cf40c3abd1a545873c8f/standard/game_bootstrap.js, line 2: NS_ERROR_FAILURE: 
JavaScript error: https://cdn.arkoselabs.com/fc/js/bd138094bb17cf40c3abd1a545873c8f/standard/game_bootstrap.js, line 2: NS_ERROR_FAILURE: 
JavaScript error: https://cdn.arkoselabs.com/fc/js/bd138094bb17cf40c3abd1a545873c8f/standard/game_bootstrap.js, line 2: NS_ERROR_FAILURE: 
JavaScript error: https://cdn.arkoselabs.com/fc/js/bd138094bb17cf40c3abd1a545873c8f/standard/game_bootstrap.js, line 2: NS_ERROR_FAILURE: 
JavaScript error: https://cdn.arkoselabs.com/fc/js/bd138094bb17cf40c3abd1a545873c8f/standard/game_bootstrap.js, line 2: NS_ERROR_FAILURE: 
JavaScript error: https://cdn.arkoselabs.com/fc/js/bd138094bb17cf40c3abd1a545873c8f/standard/game_bootstrap.js, line 2: NS_ERROR_FAILURE: 
JavaScript error: https://cdn.arkoselabs.com/fc/js/bd138094bb17cf40c3abd1a545873c8f/standard/game_bootstrap.js, line 2: NS_ERROR_FAILURE: 
JavaScript error: https://cdn.arkoselabs.com/fc/js/bd138094bb17cf40c3abd1a545873c8f/standard/game_bootstrap.js, line 2: NS_ERROR_FAILURE: 
JavaScript error: https://cdn.arkoselabs.com/fc/js/bd138094bb17cf40c3abd1a545873c8f/standard/game_bootstrap.js, line 2: NS_ERROR_FAILURE: 
JavaScript error: https://cdn.arkoselabs.com/fc/js/bd138094bb17cf40c3abd1a545873c8f/standard/game_bootstrap.js, line 2: NS_ERROR_FAILURE: 
JavaScript error: https://cdn.arkoselabs.com/fc/js/bd138094bb17cf40c3abd1a545873c8f/standard/game_bootstrap.js, line 2: NS_ERROR_FAILURE: 
JavaScript error: https://cdn.arkoselabs.com/fc/js/bd138094bb17cf40c3abd1a545873c8f/standard/game_bootstrap.js, line 2: NS_ERROR_FAILURE: 
JavaScript error: https://cdn.arkoselabs.com/fc/js/bd138094bb17cf40c3abd1a545873c8f/standard/game_bootstrap.js, line 2: NS_ERROR_FAILURE: 
JavaScript error: https://cdn.arkoselabs.com/fc/js/bd138094bb17cf40c3abd1a545873c8f/standard/game_bootstrap.js, line 2: NS_ERROR_FAILURE: 
JavaScript error: https://cdn.arkoselabs.com/fc/js/bd138094bb17cf40c3abd1a545873c8f/standard/game_bootstrap.js, line 2: NS_ERROR_FAILURE: 
JavaScript error: https://cdn.arkoselabs.com/fc/js/bd138094bb17cf40c3abd1a545873c8f/standard/game_bootstrap.js, line 2: NS_ERROR_FAILURE: 
JavaScript error: https://cdn.arkoselabs.com/fc/js/bd138094bb17cf40c3abd1a545873c8f/standard/game_bootstrap.js, line 2: NS_ERROR_FAILURE: 
JavaScript error: https://cdn.arkoselabs.com/fc/js/bd138094bb17cf40c3abd1a545873c8f/standard/game_bootstrap.js, line 2: NS_ERROR_FAILURE: 
JavaScript error: https://cdn.arkoselabs.com/fc/js/bd138094bb17cf40c3abd1a545873c8f/standard/game_bootstrap.js, line 2: NS_ERROR_FAILURE: 
JavaScript error: https://cdn.arkoselabs.com/fc/js/bd138094bb17cf40c3abd1a545873c8f/standard/game_bootstrap.js, line 2: NS_ERROR_FAILURE: 
JavaScript error: https://cdn.arkoselabs.com/fc/js/bd138094bb17cf40c3abd1a545873c8f/standard/game_bootstrap.js, line 2: NS_ERROR_FAILURE: 
JavaScript error: https://cdn.arkoselabs.com/fc/js/bd138094bb17cf40c3abd1a545873c8f/standard/game_bootstrap.js, line 2: NS_ERROR_FAILURE: 
JavaScript error: https://cdn.arkoselabs.com/fc/js/bd138094bb17cf40c3abd1a545873c8f/standard/game_bootstrap.js, line 2: NS_ERROR_FAILURE: 
JavaScript error: https://cdn.arkoselabs.com/fc/js/bd138094bb17cf40c3abd1a545873c8f/standard/game_bootstrap.js, line 2: NS_ERROR_FAILURE: 
JavaScript error: https://cdn.arkoselabs.com/fc/js/bd138094bb17cf40c3abd1a545873c8f/standard/game_bootstrap.js, line 2: NS_ERROR_FAILURE: 
JavaScript error: https://cdn.arkoselabs.com/fc/js/bd138094bb17cf40c3abd1a545873c8f/standard/game_bootstrap.js, line 2: NS_ERROR_FAILURE: 
JavaScript error: https://cdn.arkoselabs.com/fc/js/bd138094bb17cf40c3abd1a545873c8f/standard/game_bootstrap.js, line 2: NS_ERROR_FAILURE: 
JavaScript error: https://cdn.arkoselabs.com/fc/js/bd138094bb17cf40c3abd1a545873c8f/standard/game_bootstrap.js, line 2: NS_ERROR_FAILURE: 
JavaScript error: https://cdn.arkoselabs.com/fc/js/bd138094bb17cf40c3abd1a545873c8f/standard/game_bootstrap.js, line 2: NS_ERROR_FAILURE: 
JavaScript error: https://cdn.arkoselabs.com/fc/js/bd138094bb17cf40c3abd1a545873c8f/standard/game_bootstrap.js, line 2: NS_ERROR_FAILURE: 
JavaScript error: https://cdn.arkoselabs.com/fc/js/bd138094bb17cf40c3abd1a545873c8f/standard/game_bootstrap.js, line 2: NS_ERROR_FAILURE: 
JavaScript error: https://cdn.arkoselabs.com/fc/js/bd138094bb17cf40c3abd1a545873c8f/standard/game_bootstrap.js, line 2: NS_ERROR_FAILURE: 
JavaScript error: https://cdn.arkoselabs.com/fc/js/bd138094bb17cf40c3abd1a545873c8f/standard/game_bootstrap.js, line 2: NS_ERROR_FAILURE: 
JavaScript error: https://cdn.arkoselabs.com/fc/js/bd138094bb17cf40c3abd1a545873c8f/standard/game_bootstrap.js, line 2: NS_ERROR_FAILURE: 
JavaScript error: https://cdn.arkoselabs.com/fc/js/bd138094bb17cf40c3abd1a545873c8f/standard/game_bootstrap.js, line 2: NS_ERROR_FAILURE: 
JavaScript error: https://cdn.arkoselabs.com/fc/js/bd138094bb17cf40c3abd1a545873c8f/standard/game_bootstrap.js, line 2: NS_ERROR_FAILURE: 
JavaScript error: https://cdn.arkoselabs.com/fc/js/bd138094bb17cf40c3abd1a545873c8f/standard/game_bootstrap.js, line 2: NS_ERROR_FAILURE: 
JavaScript error: https://cdn.arkoselabs.com/fc/js/bd138094bb17cf40c3abd1a545873c8f/standard/game_bootstrap.js, line 2: NS_ERROR_FAILURE: 
JavaScript error: https://cdn.arkoselabs.com/fc/js/bd138094bb17cf40c3abd1a545873c8f/standard/game_bootstrap.js, line 2: NS_ERROR_FAILURE: 
JavaScript error: https://cdn.arkoselabs.com/fc/js/bd138094bb17cf40c3abd1a545873c8f/standard/game_bootstrap.js, line 2: NS_ERROR_FAILURE: 
JavaScript error: https://cdn.arkoselabs.com/fc/js/bd138094bb17cf40c3abd1a545873c8f/standard/game_bootstrap.js, line 2: NS_ERROR_FAILURE: 
JavaScript error: https://cdn.arkoselabs.com/fc/js/bd138094bb17cf40c3abd1a545873c8f/standard/game_bootstrap.js, line 2: NS_ERROR_FAILURE: 
JavaScript error: https://cdn.arkoselabs.com/fc/js/bd138094bb17cf40c3abd1a545873c8f/standard/game_bootstrap.js, line 2: NS_ERROR_FAILURE: 
JavaScript error: https://cdn.arkoselabs.com/fc/js/bd138094bb17cf40c3abd1a545873c8f/standard/game_bootstrap.js, line 2: NS_ERROR_FAILURE: 
JavaScript error: https://cdn.arkoselabs.com/fc/js/bd138094bb17cf40c3abd1a545873c8f/standard/game_bootstrap.js, line 2: NS_ERROR_FAILURE: 
JavaScript error: https://cdn.arkoselabs.com/fc/js/bd138094bb17cf40c3abd1a545873c8f/standard/game_bootstrap.js, line 2: NS_ERROR_FAILURE: 
JavaScript error: https://cdn.arkoselabs.com/fc/js/bd138094bb17cf40c3abd1a545873c8f/standard/game_bootstrap.js, line 2: NS_ERROR_FAILURE: 
JavaScript error: https://cdn.arkoselabs.com/fc/js/bd138094bb17cf40c3abd1a545873c8f/standard/game_bootstrap.js, line 2: NS_ERROR_FAILURE: 
JavaScript error: https://cdn.arkoselabs.com/fc/js/bd138094bb17cf40c3abd1a545873c8f/standard/game_bootstrap.js, line 2: NS_ERROR_FAILURE: 
JavaScript error: https://cdn.arkoselabs.com/fc/js/bd138094bb17cf40c3abd1a545873c8f/standard/game_bootstrap.js, line 2: NS_ERROR_FAILURE: 
JavaScript error: https://cdn.arkoselabs.com/fc/js/bd138094bb17cf40c3abd1a545873c8f/standard/game_bootstrap.js, line 2: NS_ERROR_FAILURE: 
JavaScript error: https://cdn.arkoselabs.com/fc/js/bd138094bb17cf40c3abd1a545873c8f/standard/game_bootstrap.js, line 2: NS_ERROR_FAILURE: 
JavaScript error: https://cdn.arkoselabs.com/fc/js/bd138094bb17cf40c3abd1a545873c8f/standard/game_bootstrap.js, line 2: NS_ERROR_FAILURE: 
JavaScript error: https://cdn.arkoselabs.com/fc/js/bd138094bb17cf40c3abd1a545873c8f/standard/game_bootstrap.js, line 2: NS_ERROR_FAILURE: 
JavaScript error: https://cdn.arkoselabs.com/fc/js/bd138094bb17cf40c3abd1a545873c8f/standard/game_bootstrap.js, line 2: NS_ERROR_FAILURE: 
JavaScript error: https://cdn.arkoselabs.com/fc/js/bd138094bb17cf40c3abd1a545873c8f/standard/game_bootstrap.js, line 2: NS_ERROR_FAILURE: 
JavaScript error: https://cdn.arkoselabs.com/fc/js/bd138094bb17cf40c3abd1a545873c8f/standard/game_bootstrap.js, line 2: NS_ERROR_FAILURE: 
JavaScript error: https://cdn.arkoselabs.com/fc/js/bd138094bb17cf40c3abd1a545873c8f/standard/game_bootstrap.js, line 2: NS_ERROR_FAILURE: 
JavaScript error: https://cdn.arkoselabs.com/fc/js/bd138094bb17cf40c3abd1a545873c8f/standard/game_bootstrap.js, line 2: NS_ERROR_FAILURE: 
JavaScript error: https://cdn.arkoselabs.com/fc/js/bd138094bb17cf40c3abd1a545873c8f/standard/game_bootstrap.js, line 2: NS_ERROR_FAILURE: 
JavaScript error: https://cdn.arkoselabs.com/fc/js/bd138094bb17cf40c3abd1a545873c8f/standard/game_bootstrap.js, line 2: NS_ERROR_FAILURE: 
JavaScript error: https://cdn.arkoselabs.com/fc/js/bd138094bb17cf40c3abd1a545873c8f/standard/game_bootstrap.js, line 2: NS_ERROR_FAILURE: 
JavaScript error: https://cdn.arkoselabs.com/fc/js/bd138094bb17cf40c3abd1a545873c8f/standard/game_bootstrap.js, line 2: NS_ERROR_FAILURE: 
JavaScript error: https://cdn.arkoselabs.com/fc/js/bd138094bb17cf40c3abd1a545873c8f/standard/game_bootstrap.js, line 2: NS_ERROR_FAILURE: 
JavaScript error: https://cdn.arkoselabs.com/fc/js/bd138094bb17cf40c3abd1a545873c8f/standard/game_bootstrap.js, line 2: NS_ERROR_FAILURE: 
JavaScript error: https://cdn.arkoselabs.com/fc/js/bd138094bb17cf40c3abd1a545873c8f/standard/game_bootstrap.js, line 2: NS_ERROR_FAILURE: 
JavaScript error: https://cdn.arkoselabs.com/fc/js/bd138094bb17cf40c3abd1a545873c8f/standard/game_bootstrap.js, line 2: NS_ERROR_FAILURE: 
JavaScript error: https://cdn.arkoselabs.com/fc/js/bd138094bb17cf40c3abd1a545873c8f/standard/game_bootstrap.js, line 2: NS_ERROR_FAILURE: 
JavaScript error: https://cdn.arkoselabs.com/fc/js/bd138094bb17cf40c3abd1a545873c8f/standard/game_bootstrap.js, line 2: NS_ERROR_FAILURE: 
JavaScript error: https://cdn.arkoselabs.com/fc/js/bd138094bb17cf40c3abd1a545873c8f/standard/game_bootstrap.js, line 2: NS_ERROR_FAILURE: 
JavaScript error: https://cdn.arkoselabs.com/fc/js/bd138094bb17cf40c3abd1a545873c8f/standard/game_bootstrap.js, line 2: NS_ERROR_FAILURE: 
JavaScript error: https://cdn.arkoselabs.com/fc/js/bd138094bb17cf40c3abd1a545873c8f/standard/game_bootstrap.js, line 2: NS_ERROR_FAILURE: 
JavaScript error: https://cdn.arkoselabs.com/fc/js/bd138094bb17cf40c3abd1a545873c8f/standard/game_bootstrap.js, line 2: NS_ERROR_FAILURE: 
JavaScript error: https://cdn.arkoselabs.com/fc/js/bd138094bb17cf40c3abd1a545873c8f/standard/game_bootstrap.js, line 2: NS_ERROR_FAILURE: 
JavaScript error: https://cdn.arkoselabs.com/fc/js/bd138094bb17cf40c3abd1a545873c8f/standard/game_bootstrap.js, line 2: NS_ERROR_FAILURE: 
JavaScript error: https://cdn.arkoselabs.com/fc/js/bd138094bb17cf40c3abd1a545873c8f/standard/game_bootstrap.js, line 2: NS_ERROR_FAILURE: 
JavaScript error: https://cdn.arkoselabs.com/fc/js/bd138094bb17cf40c3abd1a545873c8f/standard/game_bootstrap.js, line 2: NS_ERROR_FAILURE: 
JavaScript error: https://cdn.arkoselabs.com/fc/js/bd138094bb17cf40c3abd1a545873c8f/standard/game_bootstrap.js, line 2: NS_ERROR_FAILURE: 
JavaScript error: https://cdn.arkoselabs.com/fc/js/bd138094bb17cf40c3abd1a545873c8f/standard/game_bootstrap.js, line 2: NS_ERROR_FAILURE: 
JavaScript error: https://cdn.arkoselabs.com/fc/js/bd138094bb17cf40c3abd1a545873c8f/standard/game_bootstrap.js, line 2: NS_ERROR_FAILURE: 
JavaScript error: https://cdn.arkoselabs.com/fc/js/bd138094bb17cf40c3abd1a545873c8f/standard/game_bootstrap.js, line 2: NS_ERROR_FAILURE: 
JavaScript error: https://cdn.arkoselabs.com/fc/js/bd138094bb17cf40c3abd1a545873c8f/standard/game_bootstrap.js, line 2: NS_ERROR_FAILURE: 
JavaScript error: https://cdn.arkoselabs.com/fc/js/bd138094bb17cf40c3abd1a545873c8f/standard/game_bootstrap.js, line 2: NS_ERROR_FAILURE: 
JavaScript error: https://cdn.arkoselabs.com/fc/js/bd138094bb17cf40c3abd1a545873c8f/standard/game_bootstrap.js, line 2: NS_ERROR_FAILURE: 
JavaScript error: https://cdn.arkoselabs.com/fc/js/bd138094bb17cf40c3abd1a545873c8f/standard/game_bootstrap.js, line 2: NS_ERROR_FAILURE: 
JavaScript error: https://cdn.arkoselabs.com/fc/js/bd138094bb17cf40c3abd1a545873c8f/standard/game_bootstrap.js, line 2: NS_ERROR_FAILURE: 
JavaScript error: https://cdn.arkoselabs.com/fc/js/bd138094bb17cf40c3abd1a545873c8f/standard/game_bootstrap.js, line 2: NS_ERROR_FAILURE: 
JavaScript error: https://cdn.arkoselabs.com/fc/js/bd138094bb17cf40c3abd1a545873c8f/standard/game_bootstrap.js, line 2: NS_ERROR_FAILURE: 
JavaScript error: https://cdn.arkoselabs.com/fc/js/bd138094bb17cf40c3abd1a545873c8f/standard/game_bootstrap.js, line 2: NS_ERROR_FAILURE: 
JavaScript error: https://cdn.arkoselabs.com/fc/js/bd138094bb17cf40c3abd1a545873c8f/standard/game_bootstrap.js, line 2: NS_ERROR_FAILURE: 
JavaScript error: https://cdn.arkoselabs.com/fc/js/bd138094bb17cf40c3abd1a545873c8f/standard/game_bootstrap.js, line 2: NS_ERROR_FAILURE: 
JavaScript error: https://cdn.arkoselabs.com/fc/js/bd138094bb17cf40c3abd1a545873c8f/standard/game_bootstrap.js, line 2: NS_ERROR_FAILURE: 
JavaScript error: https://cdn.arkoselabs.com/fc/js/bd138094bb17cf40c3abd1a545873c8f/standard/game_bootstrap.js, line 2: NS_ERROR_FAILURE: 
JavaScript error: https://cdn.arkoselabs.com/fc/js/bd138094bb17cf40c3abd1a545873c8f/standard/game_bootstrap.js, line 2: NS_ERROR_FAILURE: 
JavaScript error: https://cdn.arkoselabs.com/fc/js/bd138094bb17cf40c3abd1a545873c8f/standard/game_bootstrap.js, line 2: NS_ERROR_FAILURE: 
JavaScript error: https://cdn.arkoselabs.com/fc/js/bd138094bb17cf40c3abd1a545873c8f/standard/game_bootstrap.js, line 2: NS_ERROR_FAILURE: 
JavaScript error: https://cdn.arkoselabs.com/fc/js/bd138094bb17cf40c3abd1a545873c8f/standard/game_bootstrap.js, line 2: NS_ERROR_FAILURE: 
JavaScript error: https://cdn.arkoselabs.com/fc/js/bd138094bb17cf40c3abd1a545873c8f/standard/game_bootstrap.js, line 2: NS_ERROR_FAILURE: 
JavaScript error: https://cdn.arkoselabs.com/fc/js/bd138094bb17cf40c3abd1a545873c8f/standard/game_bootstrap.js, line 2: NS_ERROR_FAILURE: 
JavaScript error: https://cdn.arkoselabs.com/fc/js/bd138094bb17cf40c3abd1a545873c8f/standard/game_bootstrap.js, line 2: NS_ERROR_FAILURE: 
JavaScript error: https://cdn.arkoselabs.com/fc/js/bd138094bb17cf40c3abd1a545873c8f/standard/game_bootstrap.js, line 2: NS_ERROR_FAILURE: 
JavaScript error: https://cdn.arkoselabs.com/fc/js/bd138094bb17cf40c3abd1a545873c8f/standard/game_bootstrap.js, line 2: NS_ERROR_FAILURE: 
JavaScript error: https://cdn.arkoselabs.com/fc/js/bd138094bb17cf40c3abd1a545873c8f/standard/game_bootstrap.js, line 2: NS_ERROR_FAILURE: 
JavaScript error: https://cdn.arkoselabs.com/fc/js/bd138094bb17cf40c3abd1a545873c8f/standard/game_bootstrap.js, line 2: NS_ERROR_FAILURE: 
JavaScript error: https://cdn.arkoselabs.com/fc/js/bd138094bb17cf40c3abd1a545873c8f/standard/game_bootstrap.js, line 2: NS_ERROR_FAILURE: 
JavaScript error: https://cdn.arkoselabs.com/fc/js/bd138094bb17cf40c3abd1a545873c8f/standard/game_bootstrap.js, line 2: NS_ERROR_FAILURE: 
JavaScript error: https://cdn.arkoselabs.com/fc/js/bd138094bb17cf40c3abd1a545873c8f/standard/game_bootstrap.js, line 2: NS_ERROR_FAILURE: 
JavaScript error: https://cdn.arkoselabs.com/fc/js/bd138094bb17cf40c3abd1a545873c8f/standard/game_bootstrap.js, line 2: NS_ERROR_FAILURE: 
JavaScript error: https://cdn.arkoselabs.com/fc/js/bd138094bb17cf40c3abd1a545873c8f/standard/game_bootstrap.js, line 2: NS_ERROR_FAILURE: 
JavaScript error: https://cdn.arkoselabs.com/fc/js/bd138094bb17cf40c3abd1a545873c8f/standard/game_bootstrap.js, line 2: NS_ERROR_FAILURE: 
JavaScript error: https://cdn.arkoselabs.com/fc/js/bd138094bb17cf40c3abd1a545873c8f/standard/game_bootstrap.js, line 2: NS_ERROR_FAILURE: 
JavaScript error: https://cdn.arkoselabs.com/fc/js/bd138094bb17cf40c3abd1a545873c8f/standard/game_bootstrap.js, line 2: NS_ERROR_FAILURE: 
JavaScript error: https://cdn.arkoselabs.com/fc/js/bd138094bb17cf40c3abd1a545873c8f/standard/game_bootstrap.js, line 2: NS_ERROR_FAILURE: 
JavaScript error: https://cdn.arkoselabs.com/fc/js/bd138094bb17cf40c3abd1a545873c8f/standard/game_bootstrap.js, line 2: NS_ERROR_FAILURE: 
JavaScript error: https://cdn.arkoselabs.com/fc/js/bd138094bb17cf40c3abd1a545873c8f/standard/game_bootstrap.js, line 2: NS_ERROR_FAILURE: 
JavaScript error: https://cdn.arkoselabs.com/fc/js/bd138094bb17cf40c3abd1a545873c8f/standard/game_bootstrap.js, line 2: NS_ERROR_FAILURE: 
JavaScript error: https://cdn.arkoselabs.com/fc/js/bd138094bb17cf40c3abd1a545873c8f/standard/game_bootstrap.js, line 2: NS_ERROR_FAILURE: 
JavaScript error: https://cdn.arkoselabs.com/fc/js/bd138094bb17cf40c3abd1a545873c8f/standard/game_bootstrap.js, line 2: NS_ERROR_FAILURE: 
JavaScript error: https://cdn.arkoselabs.com/fc/js/bd138094bb17cf40c3abd1a545873c8f/standard/game_bootstrap.js, line 2: NS_ERROR_FAILURE: 
JavaScript error: https://cdn.arkoselabs.com/fc/js/bd138094bb17cf40c3abd1a545873c8f/standard/game_bootstrap.js, line 2: NS_ERROR_FAILURE: 
JavaScript error: https://cdn.arkoselabs.com/fc/js/bd138094bb17cf40c3abd1a545873c8f/standard/game_bootstrap.js, line 2: NS_ERROR_FAILURE: 
JavaScript error: https://cdn.arkoselabs.com/fc/js/bd138094bb17cf40c3abd1a545873c8f/standard/game_bootstrap.js, line 2: NS_ERROR_FAILURE: 
JavaScript error: https://cdn.arkoselabs.com/fc/js/bd138094bb17cf40c3abd1a545873c8f/standard/game_bootstrap.js, line 2: NS_ERROR_FAILURE: 
JavaScript error: https://cdn.arkoselabs.com/fc/js/bd138094bb17cf40c3abd1a545873c8f/standard/game_bootstrap.js, line 2: NS_ERROR_FAILURE: 
JavaScript error: https://cdn.arkoselabs.com/fc/js/bd138094bb17cf40c3abd1a545873c8f/standard/game_bootstrap.js, line 2: NS_ERROR_FAILURE: 
JavaScript error: https://cdn.arkoselabs.com/fc/js/bd138094bb17cf40c3abd1a545873c8f/standard/game_bootstrap.js, line 2: NS_ERROR_FAILURE: 
JavaScript error: https://cdn.arkoselabs.com/fc/js/bd138094bb17cf40c3abd1a545873c8f/standard/game_bootstrap.js, line 2: NS_ERROR_FAILURE: 
JavaScript error: https://cdn.arkoselabs.com/fc/js/bd138094bb17cf40c3abd1a545873c8f/standard/game_bootstrap.js, line 2: NS_ERROR_FAILURE: 
JavaScript error: https://cdn.arkoselabs.com/fc/js/bd138094bb17cf40c3abd1a545873c8f/standard/game_bootstrap.js, line 2: NS_ERROR_FAILURE: 
JavaScript error: https://cdn.arkoselabs.com/fc/js/bd138094bb17cf40c3abd1a545873c8f/standard/game_bootstrap.js, line 2: NS_ERROR_FAILURE: 
JavaScript error: https://cdn.arkoselabs.com/fc/js/bd138094bb17cf40c3abd1a545873c8f/standard/game_bootstrap.js, line 2: NS_ERROR_FAILURE: 
JavaScript error: https://cdn.arkoselabs.com/fc/js/bd138094bb17cf40c3abd1a545873c8f/standard/game_bootstrap.js, line 2: NS_ERROR_FAILURE: 
JavaScript error: https://cdn.arkoselabs.com/fc/js/bd138094bb17cf40c3abd1a545873c8f/standard/game_bootstrap.js, line 2: NS_ERROR_FAILURE: 
JavaScript error: https://cdn.arkoselabs.com/fc/js/bd138094bb17cf40c3abd1a545873c8f/standard/game_bootstrap.js, line 2: NS_ERROR_FAILURE: 
JavaScript error: https://cdn.arkoselabs.com/fc/js/bd138094bb17cf40c3abd1a545873c8f/standard/game_bootstrap.js, line 2: NS_ERROR_FAILURE: 
JavaScript error: https://cdn.arkoselabs.com/fc/js/bd138094bb17cf40c3abd1a545873c8f/standard/game_bootstrap.js, line 2: NS_ERROR_FAILURE: 
JavaScript error: https://cdn.arkoselabs.com/fc/js/bd138094bb17cf40c3abd1a545873c8f/standard/game_bootstrap.js, line 2: NS_ERROR_FAILURE: 
JavaScript error: https://cdn.arkoselabs.com/fc/js/bd138094bb17cf40c3abd1a545873c8f/standard/game_bootstrap.js, line 2: NS_ERROR_FAILURE: 
JavaScript error: https://cdn.arkoselabs.com/fc/js/bd138094bb17cf40c3abd1a545873c8f/standard/game_bootstrap.js, line 2: NS_ERROR_FAILURE: 
JavaScript error: https://cdn.arkoselabs.com/fc/js/bd138094bb17cf40c3abd1a545873c8f/standard/game_bootstrap.js, line 2: NS_ERROR_FAILURE: 
JavaScript error: https://cdn.arkoselabs.com/fc/js/bd138094bb17cf40c3abd1a545873c8f/standard/game_bootstrap.js, line 2: NS_ERROR_FAILURE: 
JavaScript error: https://cdn.arkoselabs.com/fc/js/bd138094bb17cf40c3abd1a545873c8f/standard/game_bootstrap.js, line 2: NS_ERROR_FAILURE: 
JavaScript error: https://cdn.arkoselabs.com/fc/js/bd138094bb17cf40c3abd1a545873c8f/standard/game_bootstrap.js, line 2: NS_ERROR_FAILURE: 
JavaScript error: https://cdn.arkoselabs.com/fc/js/bd138094bb17cf40c3abd1a545873c8f/standard/game_bootstrap.js, line 2: NS_ERROR_FAILURE: 
JavaScript error: https://cdn.arkoselabs.com/fc/js/bd138094bb17cf40c3abd1a545873c8f/standard/game_bootstrap.js, line 2: NS_ERROR_FAILURE: 
JavaScript error: https://cdn.arkoselabs.com/fc/js/bd138094bb17cf40c3abd1a545873c8f/standard/game_bootstrap.js, line 2: NS_ERROR_FAILURE: 
JavaScript error: https://cdn.arkoselabs.com/fc/js/bd138094bb17cf40c3abd1a545873c8f/standard/game_bootstrap.js, line 2: NS_ERROR_FAILURE: 
JavaScript error: https://cdn.arkoselabs.com/fc/js/bd138094bb17cf40c3abd1a545873c8f/standard/game_bootstrap.js, line 2: NS_ERROR_FAILURE: 
JavaScript error: https://cdn.arkoselabs.com/fc/js/bd138094bb17cf40c3abd1a545873c8f/standard/game_bootstrap.js, line 2: NS_ERROR_FAILURE: 
JavaScript error: https://cdn.arkoselabs.com/fc/js/bd138094bb17cf40c3abd1a545873c8f/standard/game_bootstrap.js, line 2: NS_ERROR_FAILURE: 
JavaScript error: https://cdn.arkoselabs.com/fc/js/bd138094bb17cf40c3abd1a545873c8f/standard/game_bootstrap.js, line 2: NS_ERROR_FAILURE: 
JavaScript error: https://cdn.arkoselabs.com/fc/js/bd138094bb17cf40c3abd1a545873c8f/standard/game_bootstrap.js, line 2: NS_ERROR_FAILURE: 
JavaScript error: https://cdn.arkoselabs.com/fc/js/bd138094bb17cf40c3abd1a545873c8f/standard/game_bootstrap.js, line 2: NS_ERROR_FAILURE: 
JavaScript error: https://cdn.arkoselabs.com/fc/js/bd138094bb17cf40c3abd1a545873c8f/standard/game_bootstrap.js, line 2: NS_ERROR_FAILURE: 
JavaScript error: https://cdn.arkoselabs.com/fc/js/bd138094bb17cf40c3abd1a545873c8f/standard/game_bootstrap.js, line 2: NS_ERROR_FAILURE: 
JavaScript error: https://cdn.arkoselabs.com/fc/js/bd138094bb17cf40c3abd1a545873c8f/standard/game_bootstrap.js, line 2: NS_ERROR_FAILURE: 
JavaScript error: https://cdn.arkoselabs.com/fc/js/bd138094bb17cf40c3abd1a545873c8f/standard/game_bootstrap.js, line 2: NS_ERROR_FAILURE: 
JavaScript error: https://cdn.arkoselabs.com/fc/js/bd138094bb17cf40c3abd1a545873c8f/standard/game_bootstrap.js, line 2: NS_ERROR_FAILURE: 
JavaScript error: https://cdn.arkoselabs.com/fc/js/bd138094bb17cf40c3abd1a545873c8f/standard/game_bootstrap.js, line 2: NS_ERROR_FAILURE: 
JavaScript error: https://cdn.arkoselabs.com/fc/js/bd138094bb17cf40c3abd1a545873c8f/standard/game_bootstrap.js, line 2: NS_ERROR_FAILURE: 
JavaScript error: https://cdn.arkoselabs.com/fc/js/bd138094bb17cf40c3abd1a545873c8f/standard/game_bootstrap.js, line 2: NS_ERROR_FAILURE: 
JavaScript error: https://cdn.arkoselabs.com/fc/js/bd138094bb17cf40c3abd1a545873c8f/standard/game_bootstrap.js, line 2: NS_ERROR_FAILURE: 
JavaScript error: https://cdn.arkoselabs.com/fc/js/bd138094bb17cf40c3abd1a545873c8f/standard/game_bootstrap.js, line 2: NS_ERROR_FAILURE: 
JavaScript error: https://cdn.arkoselabs.com/fc/js/bd138094bb17cf40c3abd1a545873c8f/standard/game_bootstrap.js, line 2: NS_ERROR_FAILURE: 
JavaScript error: https://cdn.arkoselabs.com/fc/js/bd138094bb17cf40c3abd1a545873c8f/standard/game_bootstrap.js, line 2: NS_ERROR_FAILURE: 
JavaScript error: https://cdn.arkoselabs.com/fc/js/bd138094bb17cf40c3abd1a545873c8f/standard/game_bootstrap.js, line 2: NS_ERROR_FAILURE: 
JavaScript error: https://cdn.arkoselabs.com/fc/js/bd138094bb17cf40c3abd1a545873c8f/standard/game_bootstrap.js, line 2: NS_ERROR_FAILURE: 
JavaScript error: https://cdn.arkoselabs.com/fc/js/bd138094bb17cf40c3abd1a545873c8f/standard/game_bootstrap.js, line 2: NS_ERROR_FAILURE: 
JavaScript error: https://cdn.arkoselabs.com/fc/js/bd138094bb17cf40c3abd1a545873c8f/standard/game_bootstrap.js, line 2: NS_ERROR_FAILURE: 
JavaScript error: https://cdn.arkoselabs.com/fc/js/bd138094bb17cf40c3abd1a545873c8f/standard/game_bootstrap.js, line 2: NS_ERROR_FAILURE: 
JavaScript error: https://cdn.arkoselabs.com/fc/js/bd138094bb17cf40c3abd1a545873c8f/standard/game_bootstrap.js, line 2: NS_ERROR_FAILURE: 
JavaScript error: https://cdn.arkoselabs.com/fc/js/bd138094bb17cf40c3abd1a545873c8f/standard/game_bootstrap.js, line 2: NS_ERROR_FAILURE: 
JavaScript error: https://cdn.arkoselabs.com/fc/js/bd138094bb17cf40c3abd1a545873c8f/standard/game_bootstrap.js, line 2: NS_ERROR_FAILURE: 
JavaScript error: https://cdn.arkoselabs.com/fc/js/bd138094bb17cf40c3abd1a545873c8f/standard/game_bootstrap.js, line 2: NS_ERROR_FAILURE: 
JavaScript error: https://cdn.arkoselabs.com/fc/js/bd138094bb17cf40c3abd1a545873c8f/standard/game_bootstrap.js, line 2: NS_ERROR_FAILURE: 
JavaScript error: https://cdn.arkoselabs.com/fc/js/bd138094bb17cf40c3abd1a545873c8f/standard/game_bootstrap.js, line 2: NS_ERROR_FAILURE: 
JavaScript error: https://cdn.arkoselabs.com/fc/js/bd138094bb17cf40c3abd1a545873c8f/standard/game_bootstrap.js, line 2: NS_ERROR_FAILURE: 
JavaScript error: https://cdn.arkoselabs.com/fc/js/bd138094bb17cf40c3abd1a545873c8f/standard/game_bootstrap.js, line 2: NS_ERROR_FAILURE: 
JavaScript error: https://cdn.arkoselabs.com/fc/js/bd138094bb17cf40c3abd1a545873c8f/standard/game_bootstrap.js, line 2: NS_ERROR_FAILURE: 
JavaScript error: https://cdn.arkoselabs.com/fc/js/bd138094bb17cf40c3abd1a545873c8f/standard/game_bootstrap.js, line 2: NS_ERROR_FAILURE: 
JavaScript error: https://cdn.arkoselabs.com/fc/js/bd138094bb17cf40c3abd1a545873c8f/standard/game_bootstrap.js, line 2: NS_ERROR_FAILURE: 
JavaScript error: https://cdn.arkoselabs.com/fc/js/bd138094bb17cf40c3abd1a545873c8f/standard/game_bootstrap.js, line 2: NS_ERROR_FAILURE: 
JavaScript error: https://cdn.arkoselabs.com/fc/js/bd138094bb17cf40c3abd1a545873c8f/standard/game_bootstrap.js, line 2: NS_ERROR_FAILURE: 
JavaScript error: https://cdn.arkoselabs.com/fc/js/bd138094bb17cf40c3abd1a545873c8f/standard/game_bootstrap.js, line 2: NS_ERROR_FAILURE: 
JavaScript error: https://cdn.arkoselabs.com/fc/js/bd138094bb17cf40c3abd1a545873c8f/standard/game_bootstrap.js, line 2: NS_ERROR_FAILURE: 
JavaScript error: https://cdn.arkoselabs.com/fc/js/bd138094bb17cf40c3abd1a545873c8f/standard/game_bootstrap.js, line 2: NS_ERROR_FAILURE: 
JavaScript error: https://cdn.arkoselabs.com/fc/js/bd138094bb17cf40c3abd1a545873c8f/standard/game_bootstrap.js, line 2: NS_ERROR_FAILURE: 
JavaScript error: https://cdn.arkoselabs.com/fc/js/bd138094bb17cf40c3abd1a545873c8f/standard/game_bootstrap.js, line 2: NS_ERROR_FAILURE: 
JavaScript error: https://cdn.arkoselabs.com/fc/js/bd138094bb17cf40c3abd1a545873c8f/standard/game_bootstrap.js, line 2: NS_ERROR_FAILURE: 
JavaScript error: https://cdn.arkoselabs.com/fc/js/bd138094bb17cf40c3abd1a545873c8f/standard/game_bootstrap.js, line 2: NS_ERROR_FAILURE: 
JavaScript error: https://cdn.arkoselabs.com/fc/js/bd138094bb17cf40c3abd1a545873c8f/standard/game_bootstrap.js, line 2: NS_ERROR_FAILURE: 
JavaScript error: https://cdn.arkoselabs.com/fc/js/bd138094bb17cf40c3abd1a545873c8f/standard/game_bootstrap.js, line 2: NS_ERROR_FAILURE: 
JavaScript error: https://cdn.arkoselabs.com/fc/js/bd138094bb17cf40c3abd1a545873c8f/standard/game_bootstrap.js, line 2: NS_ERROR_FAILURE: 
JavaScript error: https://cdn.arkoselabs.com/fc/js/bd138094bb17cf40c3abd1a545873c8f/standard/game_bootstrap.js, line 2: NS_ERROR_FAILURE: 
JavaScript error: https://cdn.arkoselabs.com/fc/js/bd138094bb17cf40c3abd1a545873c8f/standard/game_bootstrap.js, line 2: NS_ERROR_FAILURE: 
JavaScript error: https://cdn.arkoselabs.com/fc/js/bd138094bb17cf40c3abd1a545873c8f/standard/game_bootstrap.js, line 2: NS_ERROR_FAILURE: 
JavaScript error: https://cdn.arkoselabs.com/fc/js/bd138094bb17cf40c3abd1a545873c8f/standard/game_bootstrap.js, line 2: NS_ERROR_FAILURE: 
JavaScript error: https://cdn.arkoselabs.com/fc/js/bd138094bb17cf40c3abd1a545873c8f/standard/game_bootstrap.js, line 2: NS_ERROR_FAILURE: 
JavaScript error: https://cdn.arkoselabs.com/fc/js/bd138094bb17cf40c3abd1a545873c8f/standard/game_bootstrap.js, line 2: NS_ERROR_FAILURE: 
JavaScript error: https://cdn.arkoselabs.com/fc/js/bd138094bb17cf40c3abd1a545873c8f/standard/game_bootstrap.js, line 2: NS_ERROR_FAILURE: 
JavaScript error: https://cdn.arkoselabs.com/fc/js/bd138094bb17cf40c3abd1a545873c8f/standard/game_bootstrap.js, line 2: NS_ERROR_FAILURE: 
JavaScript error: https://cdn.arkoselabs.com/fc/js/bd138094bb17cf40c3abd1a545873c8f/standard/game_bootstrap.js, line 2: NS_ERROR_FAILURE: 
JavaScript error: https://cdn.arkoselabs.com/fc/js/bd138094bb17cf40c3abd1a545873c8f/standard/game_bootstrap.js, line 2: NS_ERROR_FAILURE: 
JavaScript error: https://cdn.arkoselabs.com/fc/js/bd138094bb17cf40c3abd1a545873c8f/standard/game_bootstrap.js, line 2: NS_ERROR_FAILURE: 
JavaScript error: https://cdn.arkoselabs.com/fc/js/bd138094bb17cf40c3abd1a545873c8f/standard/game_bootstrap.js, line 2: NS_ERROR_FAILURE: 
JavaScript error: https://cdn.arkoselabs.com/fc/js/bd138094bb17cf40c3abd1a545873c8f/standard/game_bootstrap.js, line 2: NS_ERROR_FAILURE: 
JavaScript error: https://cdn.arkoselabs.com/fc/js/bd138094bb17cf40c3abd1a545873c8f/standard/game_bootstrap.js, line 2: NS_ERROR_FAILURE: 
JavaScript error: https://cdn.arkoselabs.com/fc/js/bd138094bb17cf40c3abd1a545873c8f/standard/game_bootstrap.js, line 2: NS_ERROR_FAILURE: 
JavaScript error: https://cdn.arkoselabs.com/fc/js/bd138094bb17cf40c3abd1a545873c8f/standard/game_bootstrap.js, line 2: NS_ERROR_FAILURE: 
JavaScript error: https://cdn.arkoselabs.com/fc/js/bd138094bb17cf40c3abd1a545873c8f/standard/game_bootstrap.js, line 2: NS_ERROR_FAILURE: 
JavaScript error: https://cdn.arkoselabs.com/fc/js/bd138094bb17cf40c3abd1a545873c8f/standard/game_bootstrap.js, line 2: NS_ERROR_FAILURE: 
JavaScript error: https://cdn.arkoselabs.com/fc/js/bd138094bb17cf40c3abd1a545873c8f/standard/game_bootstrap.js, line 2: NS_ERROR_FAILURE: 
JavaScript error: https://cdn.arkoselabs.com/fc/js/bd138094bb17cf40c3abd1a545873c8f/standard/game_bootstrap.js, line 2: NS_ERROR_FAILURE: 
JavaScript error: https://cdn.arkoselabs.com/fc/js/bd138094bb17cf40c3abd1a545873c8f/standard/game_bootstrap.js, line 2: NS_ERROR_FAILURE: 
JavaScript error: https://cdn.arkoselabs.com/fc/js/bd138094bb17cf40c3abd1a545873c8f/standard/game_bootstrap.js, line 2: NS_ERROR_FAILURE: 
JavaScript error: https://cdn.arkoselabs.com/fc/js/bd138094bb17cf40c3abd1a545873c8f/standard/game_bootstrap.js, line 2: NS_ERROR_FAILURE: 
JavaScript error: https://cdn.arkoselabs.com/fc/js/bd138094bb17cf40c3abd1a545873c8f/standard/game_bootstrap.js, line 2: NS_ERROR_FAILURE: 
JavaScript error: https://cdn.arkoselabs.com/fc/js/bd138094bb17cf40c3abd1a545873c8f/standard/game_bootstrap.js, line 2: NS_ERROR_FAILURE: 
JavaScript error: https://cdn.arkoselabs.com/fc/js/bd138094bb17cf40c3abd1a545873c8f/standard/game_bootstrap.js, line 2: NS_ERROR_FAILURE: 
JavaScript error: https://cdn.arkoselabs.com/fc/js/bd138094bb17cf40c3abd1a545873c8f/standard/game_bootstrap.js, line 2: NS_ERROR_FAILURE: 
JavaScript error: https://cdn.arkoselabs.com/fc/js/bd138094bb17cf40c3abd1a545873c8f/standard/game_bootstrap.js, line 2: NS_ERROR_FAILURE: 
JavaScript error: https://cdn.arkoselabs.com/fc/js/bd138094bb17cf40c3abd1a545873c8f/standard/game_bootstrap.js, line 2: NS_ERROR_FAILURE: 
JavaScript error: https://cdn.arkoselabs.com/fc/js/bd138094bb17cf40c3abd1a545873c8f/standard/game_bootstrap.js, line 2: NS_ERROR_FAILURE: 
JavaScript error: https://cdn.arkoselabs.com/fc/js/bd138094bb17cf40c3abd1a545873c8f/standard/game_bootstrap.js, line 2: NS_ERROR_FAILURE: 
JavaScript error: https://cdn.arkoselabs.com/fc/js/bd138094bb17cf40c3abd1a545873c8f/standard/game_bootstrap.js, line 2: NS_ERROR_FAILURE: 
JavaScript error: https://cdn.arkoselabs.com/fc/js/bd138094bb17cf40c3abd1a545873c8f/standard/game_bootstrap.js, line 2: NS_ERROR_FAILURE: 
JavaScript error: https://cdn.arkoselabs.com/fc/js/bd138094bb17cf40c3abd1a545873c8f/standard/game_bootstrap.js, line 2: NS_ERROR_FAILURE: 
JavaScript error: https://cdn.arkoselabs.com/fc/js/bd138094bb17cf40c3abd1a545873c8f/standard/game_bootstrap.js, line 2: NS_ERROR_FAILURE: 
JavaScript error: https://cdn.arkoselabs.com/fc/js/bd138094bb17cf40c3abd1a545873c8f/standard/game_bootstrap.js, line 2: NS_ERROR_FAILURE: 
JavaScript error: https://cdn.arkoselabs.com/fc/js/bd138094bb17cf40c3abd1a545873c8f/standard/game_bootstrap.js, line 2: NS_ERROR_FAILURE: 
JavaScript error: https://cdn.arkoselabs.com/fc/js/bd138094bb17cf40c3abd1a545873c8f/standard/game_bootstrap.js, line 2: NS_ERROR_FAILURE: 
JavaScript error: https://cdn.arkoselabs.com/fc/js/bd138094bb17cf40c3abd1a545873c8f/standard/game_bootstrap.js, line 2: NS_ERROR_FAILURE: 
JavaScript error: https://cdn.arkoselabs.com/fc/js/bd138094bb17cf40c3abd1a545873c8f/standard/game_bootstrap.js, line 2: NS_ERROR_FAILURE: 
JavaScript error: https://cdn.arkoselabs.com/fc/js/bd138094bb17cf40c3abd1a545873c8f/standard/game_bootstrap.js, line 2: NS_ERROR_FAILURE: 
JavaScript error: https://cdn.arkoselabs.com/fc/js/bd138094bb17cf40c3abd1a545873c8f/standard/game_bootstrap.js, line 2: NS_ERROR_FAILURE: 
JavaScript error: https://cdn.arkoselabs.com/fc/js/bd138094bb17cf40c3abd1a545873c8f/standard/game_bootstrap.js, line 2: NS_ERROR_FAILURE: 
JavaScript error: https://cdn.arkoselabs.com/fc/js/bd138094bb17cf40c3abd1a545873c8f/standard/game_bootstrap.js, line 2: NS_ERROR_FAILURE: 
JavaScript error: https://cdn.arkoselabs.com/fc/js/bd138094bb17cf40c3abd1a545873c8f/standard/game_bootstrap.js, line 2: NS_ERROR_FAILURE: 
JavaScript error: https://cdn.arkoselabs.com/fc/js/bd138094bb17cf40c3abd1a545873c8f/standard/game_bootstrap.js, line 2: NS_ERROR_FAILURE: 
JavaScript error: https://cdn.arkoselabs.com/fc/js/bd138094bb17cf40c3abd1a545873c8f/standard/game_bootstrap.js, line 2: NS_ERROR_FAILURE: 
JavaScript error: https://cdn.arkoselabs.com/fc/js/bd138094bb17cf40c3abd1a545873c8f/standard/game_bootstrap.js, line 2: NS_ERROR_FAILURE: 
JavaScript error: https://cdn.arkoselabs.com/fc/js/bd138094bb17cf40c3abd1a545873c8f/standard/game_bootstrap.js, line 2: NS_ERROR_FAILURE: 
JavaScript error: https://cdn.arkoselabs.com/fc/js/bd138094bb17cf40c3abd1a545873c8f/standard/game_bootstrap.js, line 2: NS_ERROR_FAILURE: 
JavaScript error: https://cdn.arkoselabs.com/fc/js/bd138094bb17cf40c3abd1a545873c8f/standard/game_bootstrap.js, line 2: NS_ERROR_FAILURE: 
JavaScript error: https://cdn.arkoselabs.com/fc/js/bd138094bb17cf40c3abd1a545873c8f/standard/game_bootstrap.js, line 2: NS_ERROR_FAILURE: 
JavaScript error: https://cdn.arkoselabs.com/fc/js/bd138094bb17cf40c3abd1a545873c8f/standard/game_bootstrap.js, line 2: NS_ERROR_FAILURE: 
JavaScript error: https://cdn.arkoselabs.com/fc/js/bd138094bb17cf40c3abd1a545873c8f/standard/game_bootstrap.js, line 2: NS_ERROR_FAILURE: 
JavaScript error: https://cdn.arkoselabs.com/fc/js/bd138094bb17cf40c3abd1a545873c8f/standard/game_bootstrap.js, line 2: NS_ERROR_FAILURE: 
JavaScript error: https://cdn.arkoselabs.com/fc/js/bd138094bb17cf40c3abd1a545873c8f/standard/game_bootstrap.js, line 2: NS_ERROR_FAILURE: 
JavaScript error: https://cdn.arkoselabs.com/fc/js/bd138094bb17cf40c3abd1a545873c8f/standard/game_bootstrap.js, line 2: NS_ERROR_FAILURE: 
JavaScript error: https://cdn.arkoselabs.com/fc/js/bd138094bb17cf40c3abd1a545873c8f/standard/game_bootstrap.js, line 2: NS_ERROR_FAILURE: 
JavaScript error: https://cdn.arkoselabs.com/fc/js/bd138094bb17cf40c3abd1a545873c8f/standard/game_bootstrap.js, line 2: NS_ERROR_FAILURE: 
JavaScript error: https://cdn.arkoselabs.com/fc/js/bd138094bb17cf40c3abd1a545873c8f/standard/game_bootstrap.js, line 2: NS_ERROR_FAILURE: 
JavaScript error: https://cdn.arkoselabs.com/fc/js/bd138094bb17cf40c3abd1a545873c8f/standard/game_bootstrap.js, line 2: NS_ERROR_FAILURE: 
JavaScript error: https://cdn.arkoselabs.com/fc/js/bd138094bb17cf40c3abd1a545873c8f/standard/game_bootstrap.js, line 2: NS_ERROR_FAILURE: 
JavaScript error: https://cdn.arkoselabs.com/fc/js/bd138094bb17cf40c3abd1a545873c8f/standard/game_bootstrap.js, line 2: NS_ERROR_FAILURE: 
JavaScript error: https://cdn.arkoselabs.com/fc/js/bd138094bb17cf40c3abd1a545873c8f/standard/game_bootstrap.js, line 2: NS_ERROR_FAILURE: 
JavaScript error: https://cdn.arkoselabs.com/fc/js/bd138094bb17cf40c3abd1a545873c8f/standard/game_bootstrap.js, line 2: NS_ERROR_FAILURE: 
JavaScript error: https://cdn.arkoselabs.com/fc/js/bd138094bb17cf40c3abd1a545873c8f/standard/game_bootstrap.js, line 2: NS_ERROR_FAILURE: 
JavaScript error: https://cdn.arkoselabs.com/fc/js/bd138094bb17cf40c3abd1a545873c8f/standard/game_bootstrap.js, line 2: NS_ERROR_FAILURE: 
JavaScript error: https://cdn.arkoselabs.com/fc/js/bd138094bb17cf40c3abd1a545873c8f/standard/game_bootstrap.js, line 2: NS_ERROR_FAILURE: 
JavaScript error: https://cdn.arkoselabs.com/fc/js/bd138094bb17cf40c3abd1a545873c8f/standard/game_bootstrap.js, line 2: NS_ERROR_FAILURE: 
JavaScript error: https://cdn.arkoselabs.com/fc/js/bd138094bb17cf40c3abd1a545873c8f/standard/game_bootstrap.js, line 2: NS_ERROR_FAILURE: 
JavaScript error: https://cdn.arkoselabs.com/fc/js/bd138094bb17cf40c3abd1a545873c8f/standard/game_bootstrap.js, line 2: NS_ERROR_FAILURE: 
JavaScript error: https://cdn.arkoselabs.com/fc/js/bd138094bb17cf40c3abd1a545873c8f/standard/game_bootstrap.js, line 2: NS_ERROR_FAILURE: 
JavaScript error: https://cdn.arkoselabs.com/fc/js/bd138094bb17cf40c3abd1a545873c8f/standard/game_bootstrap.js, line 2: NS_ERROR_FAILURE: 
JavaScript error: https://cdn.arkoselabs.com/fc/js/bd138094bb17cf40c3abd1a545873c8f/standard/game_bootstrap.js, line 2: NS_ERROR_FAILURE: 
JavaScript error: https://cdn.arkoselabs.com/fc/js/bd138094bb17cf40c3abd1a545873c8f/standard/game_bootstrap.js, line 2: NS_ERROR_FAILURE: 
JavaScript error: https://cdn.arkoselabs.com/fc/js/bd138094bb17cf40c3abd1a545873c8f/standard/game_bootstrap.js, line 2: NS_ERROR_FAILURE: 
JavaScript error: https://cdn.arkoselabs.com/fc/js/bd138094bb17cf40c3abd1a545873c8f/standard/game_bootstrap.js, line 2: NS_ERROR_FAILURE: 
JavaScript error: https://cdn.arkoselabs.com/fc/js/bd138094bb17cf40c3abd1a545873c8f/standard/game_bootstrap.js, line 2: NS_ERROR_FAILURE: 
JavaScript error: https://cdn.arkoselabs.com/fc/js/bd138094bb17cf40c3abd1a545873c8f/standard/game_bootstrap.js, line 2: NS_ERROR_FAILURE: 
JavaScript error: https://cdn.arkoselabs.com/fc/js/bd138094bb17cf40c3abd1a545873c8f/standard/game_bootstrap.js, line 2: NS_ERROR_FAILURE: 
JavaScript error: https://cdn.arkoselabs.com/fc/js/bd138094bb17cf40c3abd1a545873c8f/standard/game_bootstrap.js, line 2: NS_ERROR_FAILURE: 
JavaScript error: https://cdn.arkoselabs.com/fc/js/bd138094bb17cf40c3abd1a545873c8f/standard/game_bootstrap.js, line 2: NS_ERROR_FAILURE: 
JavaScript error: https://cdn.arkoselabs.com/fc/js/bd138094bb17cf40c3abd1a545873c8f/standard/game_bootstrap.js, line 2: NS_ERROR_FAILURE: 
JavaScript error: https://cdn.arkoselabs.com/fc/js/bd138094bb17cf40c3abd1a545873c8f/standard/game_bootstrap.js, line 2: NS_ERROR_FAILURE: 
JavaScript error: https://cdn.arkoselabs.com/fc/js/bd138094bb17cf40c3abd1a545873c8f/standard/game_bootstrap.js, line 2: NS_ERROR_FAILURE: 
JavaScript error: https://cdn.arkoselabs.com/fc/js/bd138094bb17cf40c3abd1a545873c8f/standard/game_bootstrap.js, line 2: NS_ERROR_FAILURE: 
JavaScript error: https://cdn.arkoselabs.com/fc/js/bd138094bb17cf40c3abd1a545873c8f/standard/game_bootstrap.js, line 2: NS_ERROR_FAILURE: 
JavaScript error: https://cdn.arkoselabs.com/fc/js/bd138094bb17cf40c3abd1a545873c8f/standard/game_bootstrap.js, line 2: NS_ERROR_FAILURE: 
JavaScript error: https://cdn.arkoselabs.com/fc/js/bd138094bb17cf40c3abd1a545873c8f/standard/game_bootstrap.js, line 2: NS_ERROR_FAILURE: 
JavaScript error: https://cdn.arkoselabs.com/fc/js/bd138094bb17cf40c3abd1a545873c8f/standard/game_bootstrap.js, line 2: NS_ERROR_FAILURE: 
JavaScript error: https://cdn.arkoselabs.com/fc/js/bd138094bb17cf40c3abd1a545873c8f/standard/game_bootstrap.js, line 2: NS_ERROR_FAILURE: 
JavaScript error: https://cdn.arkoselabs.com/fc/js/bd138094bb17cf40c3abd1a545873c8f/standard/game_bootstrap.js, line 2: NS_ERROR_FAILURE: 
JavaScript error: https://cdn.arkoselabs.com/fc/js/bd138094bb17cf40c3abd1a545873c8f/standard/game_bootstrap.js, line 2: NS_ERROR_FAILURE: 
JavaScript warning: https://lpcres.delve.office.com/lpc/versionless/livepersonacard_with-react_583205d32ad2e094ed8c.js, line 21: unreachable code after return statement
JavaScript warning: https://guides.github.com/javascripts/jquery.js, line 2: Using //@ to indicate sourceMappingURL pragmas is deprecated. Use //# instead
JavaScript error: https://acdn.adnxs.com/ast/static/0.22.0/ast.js, line 1: TypeError: e is null
console.warn: LoginRecipes: "getRecipes: falling back to a synchronous message for:" "https://www.hepsiburada.com"
console.warn: LoginManager: "searchLogins: `formActionOrigin` or `httpRealm` is recommended"
JavaScript warning: https://static.adsafeprotected.com/sca.17.4.95.js, line 32: Array.slice is deprecated; use Array.prototype.slice instead
JavaScript error: https://fw.adsafeprotected.com/rjss/www.googletagservices.com/332142/38990476/dcm/dcmads.js?adsafe_preview=0, line 956: NS_ERROR_NOT_INITIALIZED: 
JavaScript error: resource://devtools/client/shared/source-map/index.js, line 490: Error: Error parsing mappings (code 1): the mappings contained a negative line, column, source index, or name index
JavaScript error: resource://devtools/client/shared/source-map/index.js, line 490: Error: Error parsing mappings (code 1): the mappings contained a negative line, column, source index, or name index
JavaScript error: resource://devtools/client/shared/source-map/index.js, line 490: Error: Error parsing mappings (code 1): the mappings contained a negative line, column, source index, or name index
JavaScript error: resource://devtools/client/shared/source-map/index.js, line 490: Error: Error parsing mappings (code 1): the mappings contained a negative line, column, source index, or name index
Handler function threw an exception: [Exception... "Component returned failure code: 0x80040111 (NS_ERROR_NOT_AVAILABLE) [nsICacheInfoChannel.isRacing]"  nsresult: "0x80040111 (NS_ERROR_NOT_AVAILABLE)"  location: "JS frame :: resource://devtools/server/actors/network-monitor/network-response-listener.js :: NetworkResponseListener.prototype._getSecurityInfo< :: line 335"  data: no]
Stack: NetworkResponseListener.prototype._getSecurityInfo<@resource://devtools/server/actors/network-monitor/network-response-listener.js:335:26
exports.makeInfallible/<@resource://devtools/shared/ThreadSafeDevToolsUtils.js:111:22
onStartRequest@resource://devtools/server/actors/network-monitor/network-response-listener.js:224:10
Line: 335, column: 0
console.error: ({})
JavaScript error: resource://devtools/client/shared/source-map/index.js, line 490: Error: Error parsing mappings (code 1): the mappings contained a negative line, column, source index, or name index
JavaScript error: resource://devtools/client/shared/source-map/index.js, line 490: Error: Error parsing mappings (code 1): the mappings contained a negative line, column, source index, or name index
JavaScript error: resource://devtools/client/shared/source-map/index.js, line 490: Error: Error parsing mappings (code 1): the mappings contained a negative line, column, source index, or name index
JavaScript error: resource://devtools/client/shared/source-map/index.js, line 490: Error: Error parsing mappings (code 1): the mappings contained a negative line, column, source index, or name index
JavaScript error: resource://devtools/client/shared/source-map/index.js, line 490: Error: Error parsing mappings (code 1): the mappings contained a negative line, column, source index, or name index
JavaScript error: resource://devtools/client/shared/source-map/index.js, line 490: Error: Error parsing mappings (code 1): the mappings contained a negative line, column, source index, or name index
JavaScript error: resource://devtools/client/shared/source-map/index.js, line 490: Error: Error parsing mappings (code 1): the mappings contained a negative line, column, source index, or name index
JavaScript error: resource://devtools/client/shared/source-map/index.js, line 490: Error: Error parsing mappings (code 1): the mappings contained a negative line, column, source index, or name index
JavaScript error: resource://devtools/client/shared/source-map/index.js, line 490: Error: Error parsing mappings (code 1): the mappings contained a negative line, column, source index, or name index
JavaScript error: resource://devtools/client/shared/source-map/index.js, line 490: Error: Error parsing mappings (code 1): the mappings contained a negative line, column, source index, or name index
JavaScript error: resource://devtools/client/shared/source-map/index.js, line 490: Error: Error parsing mappings (code 1): the mappings contained a negative line, column, source index, or name index
JavaScript error: resource://devtools/client/shared/source-map/index.js, line 490: Error: Error parsing mappings (code 1): the mappings contained a negative line, column, source index, or name index
console.error: "TypeError: parent is null: canMutationImpactCurrentStyles@resource://devtools/client/inspector/shared/style-change-tracker.js:63:24\nonMutations@resource://devtools/client/inspector/shared/style-change-tracker.js:80:41\nemit@resource://devtools/shared/event-emitter.js:190:24\nemit@resource://devtools/shared/event-emitter.js:271:18\ngetMutations/<@resource://devtools/shared/fronts/inspector.js:425:12\n"
TypeError: parent is null: canMutationImpactCurrentStyles@resource://devtools/client/inspector/shared/style-change-tracker.js:63:24
onMutations@resource://devtools/client/inspector/shared/style-change-tracker.js:80:41
emit@resource://devtools/shared/event-emitter.js:190:24
emit@resource://devtools/shared/event-emitter.js:271:18
getMutations/<@resource://devtools/shared/fronts/inspector.js:425:12

console.error: "Error: Can not send request because front 'domnode' is already destroyed.: generateRequestMethods/</frontProto[name]@resource://devtools/shared/protocol/Front/FrontClassWithSpec.js:29:15\nupdateSelectionCssSelector@resource://devtools/client/inspector/inspector.js:1397:32\nonNewSelection@resource://devtools/client/inspector/inspector.js:1468:10\nemit@resource://devtools/shared/event-emitter.js:190:24\nemit@resource://devtools/shared/event-emitter.js:271:18\nsetNodeFront@resource://devtools/client/framework/selection.js:161:10\nonDetached@resource://devtools/client/inspector/inspector.js:1545:20\nemit@resource://devtools/shared/event-emitter.js:190:24\nemit@resource://devtools/shared/event-emitter.js:271:18\n_onMutations@resource://devtools/client/framework/selection.js:104:12\nemit@resource://devtools/shared/event-emitter.js:190:24\nemit@resource://devtools/shared/event-emitter.js:271:18\ngetMutations/<@resource://devtools/shared/fronts/inspector.js:425:12\n"
Error: Can not send request because front 'domnode' is already destroyed.: generateRequestMethods/</frontProto[name]@resource://devtools/shared/protocol/Front/FrontClassWithSpec.js:29:15
updateSelectionCssSelector@resource://devtools/client/inspector/inspector.js:1397:32
onNewSelection@resource://devtools/client/inspector/inspector.js:1468:10
emit@resource://devtools/shared/event-emitter.js:190:24
emit@resource://devtools/shared/event-emitter.js:271:18
setNodeFront@resource://devtools/client/framework/selection.js:161:10
onDetached@resource://devtools/client/inspector/inspector.js:1545:20
emit@resource://devtools/shared/event-emitter.js:190:24
emit@resource://devtools/shared/event-emitter.js:271:18
_onMutations@resource://devtools/client/framework/selection.js:104:12
emit@resource://devtools/shared/event-emitter.js:190:24
emit@resource://devtools/shared/event-emitter.js:271:18
getMutations/<@resource://devtools/shared/fronts/inspector.js:425:12

console.error: "TypeError: this.parentFront is null: get inspectorFront@resource://devtools/shared/fronts/node.js:409:5\nget highlighterFront@resource://devtools/shared/fronts/node.js:413:5\n_showBoxModel@resource://devtools/client/inspector/markup/markup.js:704:5\n_brieflyShowBoxModel@resource://devtools/client/inspector/markup/markup.js:737:26\n_onNewSelection@resource://devtools/client/inspector/markup/markup.js:931:29\nemit@resource://devtools/shared/event-emitter.js:190:24\nemit@resource://devtools/shared/event-emitter.js:271:18\nsetNodeFront@resource://devtools/client/framework/selection.js:161:10\nonDetached@resource://devtools/client/inspector/inspector.js:1545:20\nemit@resource://devtools/shared/event-emitter.js:190:24\nemit@resource://devtools/shared/event-emitter.js:271:18\n_onMutations@resource://devtools/client/framework/selection.js:104:12\nemit@resource://devtools/shared/event-emitter.js:190:24\nemit@resource://devtools/shared/event-emitter.js:271:18\ngetMutations/<@resource://devtools/shared/fronts/inspector.js:425:12\n"
TypeError: this.parentFront is null: get inspectorFront@resource://devtools/shared/fronts/node.js:409:5
get highlighterFront@resource://devtools/shared/fronts/node.js:413:5
_showBoxModel@resource://devtools/client/inspector/markup/markup.js:704:5
_brieflyShowBoxModel@resource://devtools/client/inspector/markup/markup.js:737:26
_onNewSelection@resource://devtools/client/inspector/markup/markup.js:931:29
emit@resource://devtools/shared/event-emitter.js:190:24
emit@resource://devtools/shared/event-emitter.js:271:18
setNodeFront@resource://devtools/client/framework/selection.js:161:10
onDetached@resource://devtools/client/inspector/inspector.js:1545:20
emit@resource://devtools/shared/event-emitter.js:190:24
emit@resource://devtools/shared/event-emitter.js:271:18
_onMutations@resource://devtools/client/framework/selection.js:104:12
emit@resource://devtools/shared/event-emitter.js:190:24
emit@resource://devtools/shared/event-emitter.js:271:18
getMutations/<@resource://devtools/shared/fronts/inspector.js:425:12

console.error: (new TypeError("container.node.targetFront is null", "resource://devtools/client/inspector/markup/markup.js", 2205))
console.error: (new TypeError("container.node.targetFront is null", "resource://devtools/client/inspector/markup/markup.js", 2205))
console.error: (new TypeError("container.node.targetFront is null", "resource://devtools/client/inspector/markup/markup.js", 2205))
console.error: (new TypeError("container.node.targetFront is null", "resource://devtools/client/inspector/markup/markup.js", 2205))
console.error: (new TypeError("container.node.targetFront is null", "resource://devtools/client/inspector/markup/markup.js", 2205))
console.error: (new TypeError("container.node.targetFront is null", "resource://devtools/client/inspector/markup/markup.js", 2205))
console.error: "TypeError: parent is null: canMutationImpactCurrentStyles@resource://devtools/client/inspector/shared/style-change-tracker.js:63:24\nonMutations@resource://devtools/client/inspector/shared/style-change-tracker.js:80:41\nemit@resource://devtools/shared/event-emitter.js:190:24\nemit@resource://devtools/shared/event-emitter.js:271:18\ngetMutations/<@resource://devtools/shared/fronts/inspector.js:425:12\n"
TypeError: parent is null: canMutationImpactCurrentStyles@resource://devtools/client/inspector/shared/style-change-tracker.js:63:24
onMutations@resource://devtools/client/inspector/shared/style-change-tracker.js:80:41
emit@resource://devtools/shared/event-emitter.js:190:24
emit@resource://devtools/shared/event-emitter.js:271:18
getMutations/<@resource://devtools/shared/fronts/inspector.js:425:12

console.error: "TypeError: parent is null: canMutationImpactCurrentStyles@resource://devtools/client/inspector/shared/style-change-tracker.js:63:24\nonMutations@resource://devtools/client/inspector/shared/style-change-tracker.js:80:41\nemit@resource://devtools/shared/event-emitter.js:190:24\nemit@resource://devtools/shared/event-emitter.js:271:18\ngetMutations/<@resource://devtools/shared/fronts/inspector.js:425:12\n"
TypeError: parent is null: canMutationImpactCurrentStyles@resource://devtools/client/inspector/shared/style-change-tracker.js:63:24
onMutations@resource://devtools/client/inspector/shared/style-change-tracker.js:80:41
emit@resource://devtools/shared/event-emitter.js:190:24
emit@resource://devtools/shared/event-emitter.js:271:18
getMutations/<@resource://devtools/shared/fronts/inspector.js:425:12

Handler function threw an exception: [Exception... "Component returned failure code: 0x80040111 (NS_ERROR_NOT_AVAILABLE) [nsICacheInfoChannel.isRacing]"  nsresult: "0x80040111 (NS_ERROR_NOT_AVAILABLE)"  location: "JS frame :: resource://devtools/server/actors/network-monitor/network-response-listener.js :: NetworkResponseListener.prototype._getSecurityInfo< :: line 335"  data: no]
Stack: NetworkResponseListener.prototype._getSecurityInfo<@resource://devtools/server/actors/network-monitor/network-response-listener.js:335:26
exports.makeInfallible/<@resource://devtools/shared/ThreadSafeDevToolsUtils.js:111:22
onStartRequest@resource://devtools/server/actors/network-monitor/network-response-listener.js:224:10
Line: 335, column: 0
console.error: ({})
Handler function threw an exception: [Exception... "Component returned failure code: 0x80040111 (NS_ERROR_NOT_AVAILABLE) [nsICacheInfoChannel.isRacing]"  nsresult: "0x80040111 (NS_ERROR_NOT_AVAILABLE)"  location: "JS frame :: resource://devtools/server/actors/network-monitor/network-response-listener.js :: NetworkResponseListener.prototype._getSecurityInfo< :: line 335"  data: no]
Stack: NetworkResponseListener.prototype._getSecurityInfo<@resource://devtools/server/actors/network-monitor/network-response-listener.js:335:26
exports.makeInfallible/<@resource://devtools/shared/ThreadSafeDevToolsUtils.js:111:22
onStartRequest@resource://devtools/server/actors/network-monitor/network-response-listener.js:224:10
Line: 335, column: 0
console.error: ({})
Handler function threw an exception: [Exception... "Component returned failure code: 0x80040111 (NS_ERROR_NOT_AVAILABLE) [nsICacheInfoChannel.isRacing]"  nsresult: "0x80040111 (NS_ERROR_NOT_AVAILABLE)"  location: "JS frame :: resource://devtools/server/actors/network-monitor/network-response-listener.js :: NetworkResponseListener.prototype._getSecurityInfo< :: line 335"  data: no]
Stack: NetworkResponseListener.prototype._getSecurityInfo<@resource://devtools/server/actors/network-monitor/network-response-listener.js:335:26
exports.makeInfallible/<@resource://devtools/shared/ThreadSafeDevToolsUtils.js:111:22
onStartRequest@resource://devtools/server/actors/network-monitor/network-response-listener.js:224:10
Line: 335, column: 0
console.error: ({})
console.error: "Error while calling actor 'layout's method 'getGrids'" "node is null"
console.error: "getGrids@resource://devtools/server/actors/layout.js:501:26\ngetGrids@resource://devtools/server/actors/layout.js:506:43\nhandler@resource://devtools/shared/protocol/Actor.js:154:37\nonPacket@resource://devtools/server/debugger-server-connection.js:378:58\nreceiveMessage@resource://devtools/shared/transport/child-transport.js:66:16\n"
console.error: "Error while calling actor 'pagestyle's method 'getApplied'" "node is null"
console.error: "getApplied@resource://devtools/server/actors/styles.js:585:5\nhandler@resource://devtools/shared/protocol/Actor.js:154:37\nonPacket@resource://devtools/server/debugger-server-connection.js:378:58\nreceiveMessage@resource://devtools/shared/transport/child-transport.js:66:16\n"
console.error: "Protocol error (unknownError): node is null"
Handler function threw an exception: [Exception... "Component returned failure code: 0x80040111 (NS_ERROR_NOT_AVAILABLE) [nsICacheInfoChannel.isRacing]"  nsresult: "0x80040111 (NS_ERROR_NOT_AVAILABLE)"  location: "JS frame :: resource://devtools/server/actors/network-monitor/network-response-listener.js :: NetworkResponseListener.prototype._getSecurityInfo< :: line 335"  data: no]
Stack: NetworkResponseListener.prototype._getSecurityInfo<@resource://devtools/server/actors/network-monitor/network-response-listener.js:335:26
exports.makeInfallible/<@resource://devtools/shared/ThreadSafeDevToolsUtils.js:111:22
onStartRequest@resource://devtools/server/actors/network-monitor/network-response-listener.js:224:10
Line: 335, column: 0
console.error: ({})
Handler function threw an exception: [Exception... "Component returned failure code: 0x80040111 (NS_ERROR_NOT_AVAILABLE) [nsICacheInfoChannel.isRacing]"  nsresult: "0x80040111 (NS_ERROR_NOT_AVAILABLE)"  location: "JS frame :: resource://devtools/server/actors/network-monitor/network-response-listener.js :: NetworkResponseListener.prototype._getSecurityInfo< :: line 335"  data: no]
Stack: NetworkResponseListener.prototype._getSecurityInfo<@resource://devtools/server/actors/network-monitor/network-response-listener.js:335:26
exports.makeInfallible/<@resource://devtools/shared/ThreadSafeDevToolsUtils.js:111:22
onStartRequest@resource://devtools/server/actors/network-monitor/network-response-listener.js:224:10
Line: 335, column: 0
console.error: ({})
Handler function threw an exception: [Exception... "Component returned failure code: 0x80040111 (NS_ERROR_NOT_AVAILABLE) [nsICacheInfoChannel.isRacing]"  nsresult: "0x80040111 (NS_ERROR_NOT_AVAILABLE)"  location: "JS frame :: resource://devtools/server/actors/network-monitor/network-response-listener.js :: NetworkResponseListener.prototype._getSecurityInfo< :: line 335"  data: no]
Stack: NetworkResponseListener.prototype._getSecurityInfo<@resource://devtools/server/actors/network-monitor/network-response-listener.js:335:26
exports.makeInfallible/<@resource://devtools/shared/ThreadSafeDevToolsUtils.js:111:22
onStartRequest@resource://devtools/server/actors/network-monitor/network-response-listener.js:224:10
Line: 335, column: 0
console.error: ({})
console.error: "Error while calling actor 'pagestyle's method 'getApplied'" "node is null"
console.error: "getApplied@resource://devtools/server/actors/styles.js:585:5\nhandler@resource://devtools/shared/protocol/Actor.js:154:37\nonPacket@resource://devtools/server/debugger-server-connection.js:378:58\nreceiveMessage@resource://devtools/shared/transport/child-transport.js:66:16\n"
JavaScript error: https://images.hepsiburada.net/assets/sfstatic/Scripts.b.1.0.6222.0/all.js, line 21: TypeError: r is undefined
Handler function threw an exception: [Exception... "Component returned failure code: 0x80040111 (NS_ERROR_NOT_AVAILABLE) [nsICacheInfoChannel.isRacing]"  nsresult: "0x80040111 (NS_ERROR_NOT_AVAILABLE)"  location: "JS frame :: resource://devtools/server/actors/network-monitor/network-response-listener.js :: NetworkResponseListener.prototype._getSecurityInfo< :: line 335"  data: no]
Stack: NetworkResponseListener.prototype._getSecurityInfo<@resource://devtools/server/actors/network-monitor/network-response-listener.js:335:26
exports.makeInfallible/<@resource://devtools/shared/ThreadSafeDevToolsUtils.js:111:22
onStartRequest@resource://devtools/server/actors/network-monitor/network-response-listener.js:224:10
Line: 335, column: 0
console.error: ({})
console.error: "Error while calling actor 'layout's method 'getGrids'" "node is null"
console.error: "getGrids@resource://devtools/server/actors/layout.js:501:26\ngetGrids@resource://devtools/server/actors/layout.js:506:43\nhandler@resource://devtools/shared/protocol/Actor.js:154:37\nonPacket@resource://devtools/server/debugger-server-connection.js:378:58\nreceiveMessage@resource://devtools/shared/transport/child-transport.js:66:16\n"
console.error: "TypeError: currentNode is null: canMutationImpactCurrentStyles@resource://devtools/client/inspector/shared/style-change-tracker.js:62:20\nonMutations@resource://devtools/client/inspector/shared/style-change-tracker.js:80:41\nemit@resource://devtools/shared/event-emitter.js:190:24\nemit@resource://devtools/shared/event-emitter.js:271:18\ngetMutations/<@resource://devtools/shared/fronts/inspector.js:425:12\n"
TypeError: currentNode is null: canMutationImpactCurrentStyles@resource://devtools/client/inspector/shared/style-change-tracker.js:62:20
onMutations@resource://devtools/client/inspector/shared/style-change-tracker.js:80:41
emit@resource://devtools/shared/event-emitter.js:190:24
emit@resource://devtools/shared/event-emitter.js:271:18
getMutations/<@resource://devtools/shared/fronts/inspector.js:425:12

Handler function threw an exception: [Exception... "Component returned failure code: 0x80040111 (NS_ERROR_NOT_AVAILABLE) [nsICacheInfoChannel.isRacing]"  nsresult: "0x80040111 (NS_ERROR_NOT_AVAILABLE)"  location: "JS frame :: resource://devtools/server/actors/network-monitor/network-response-listener.js :: NetworkResponseListener.prototype._getSecurityInfo< :: line 335"  data: no]
Stack: NetworkResponseListener.prototype._getSecurityInfo<@resource://devtools/server/actors/network-monitor/network-response-listener.js:335:26
exports.makeInfallible/<@resource://devtools/shared/ThreadSafeDevToolsUtils.js:111:22
onStartRequest@resource://devtools/server/actors/network-monitor/network-response-listener.js:224:10
Line: 335, column: 0
console.error: ({})
JavaScript warning: https://www.hepsiburada.com/_Incapsula_Resource?SWJIYLWA=719d34d31c8e3a6e6fffd425f7e032f3&ns=7&cb=168852806, line 1: unreachable code after return statement
JavaScript warning: https://www.hepsiburada.com/_Incapsula_Resource?SWJIYLWA=719d34d31c8e3a6e6fffd425f7e032f3&ns=7&cb=168852806, line 1: unreachable code after return statement
JavaScript warning: https://www.hepsiburada.com/_Incapsula_Resource?SWJIYLWA=719d34d31c8e3a6e6fffd425f7e032f3&ns=7&cb=168852806 line 1 > eval, line 1: unreachable code after return statement
Handler function threw an exception: [Exception... "Component returned failure code: 0x80040111 (NS_ERROR_NOT_AVAILABLE) [nsICacheInfoChannel.isRacing]"  nsresult: "0x80040111 (NS_ERROR_NOT_AVAILABLE)"  location: "JS frame :: resource://devtools/server/actors/network-monitor/network-response-listener.js :: NetworkResponseListener.prototype._getSecurityInfo< :: line 335"  data: no]
Stack: NetworkResponseListener.prototype._getSecurityInfo<@resource://devtools/server/actors/network-monitor/network-response-listener.js:335:26
exports.makeInfallible/<@resource://devtools/shared/ThreadSafeDevToolsUtils.js:111:22
onStartRequest@resource://devtools/server/actors/network-monitor/network-response-listener.js:224:10
Line: 335, column: 0
console.error: ({})
Handler function threw an exception: [Exception... "Component returned failure code: 0x80040111 (NS_ERROR_NOT_AVAILABLE) [nsICacheInfoChannel.isRacing]"  nsresult: "0x80040111 (NS_ERROR_NOT_AVAILABLE)"  location: "JS frame :: resource://devtools/server/actors/network-monitor/network-response-listener.js :: NetworkResponseListener.prototype._getSecurityInfo< :: line 335"  data: no]
Stack: NetworkResponseListener.prototype._getSecurityInfo<@resource://devtools/server/actors/network-monitor/network-response-listener.js:335:26
exports.makeInfallible/<@resource://devtools/shared/ThreadSafeDevToolsUtils.js:111:22
onStartRequest@resource://devtools/server/actors/network-monitor/network-response-listener.js:224:10
Line: 335, column: 0
console.error: ({})
Handler function threw an exception: [Exception... "Component returned failure code: 0x80040111 (NS_ERROR_NOT_AVAILABLE) [nsICacheInfoChannel.isRacing]"  nsresult: "0x80040111 (NS_ERROR_NOT_AVAILABLE)"  location: "JS frame :: resource://devtools/server/actors/network-monitor/network-response-listener.js :: NetworkResponseListener.prototype._getSecurityInfo< :: line 335"  data: no]
Stack: NetworkResponseListener.prototype._getSecurityInfo<@resource://devtools/server/actors/network-monitor/network-response-listener.js:335:26
exports.makeInfallible/<@resource://devtools/shared/ThreadSafeDevToolsUtils.js:111:22
onStartRequest@resource://devtools/server/actors/network-monitor/network-response-listener.js:224:10
Line: 335, column: 0
console.error: ({})
JavaScript warning: http://www.tech.rishitnandan.com/bundles/jquery?v=Y9Rz3W7N3ltGJMBmcS0h94m5Pf3pEtwQim1IOelXEdY1, line 8: Using //@ to indicate sourceMappingURL pragmas is deprecated. Use //# instead
JavaScript error: http://www.tech.rishitnandan.com/bundles/jquery?v=Y9Rz3W7N3ltGJMBmcS0h94m5Pf3pEtwQim1IOelXEdY1, line 9: SyntaxError: expected expression, got '*'
JavaScript error: https://contextual.media.net/fcmdynet.js?&cid=8CUQBB2U5&cpcd=7xRa5ccNXLLzdohX57nd7w%3D%3D&crid=441289839&size=641x481&cc=TR&https=1&vif=0&requrl=https%3A%2F%2Fwww.guru99.com%2Fscroll-up-down-selenium-webdriver.html&kwrf=https%3A%2F%2Fyandex.com.tr&nse=3&vi=1573383786609832366&lw=1&ugd=4&insl=1, line 260: TypeError: _mNDetails._mNVI is undefined
JavaScript error: , line 0: uncaught exception: TagError: adsbygoogle.push() error: No slot size for availableWidth=422
JavaScript error: https://www.softwaretestingmaterial.com/scroll-web-page-using-selenium-webdriver/ line 1 > scriptElement, line 3: TypeError: k.path is undefined
JavaScript error: https://www.softwaretestingmaterial.com/scroll-web-page-using-selenium-webdriver/ line 1 > scriptElement, line 3: TypeError: k.path is undefined
JavaScript error: https://www.softwaretestingmaterial.com/scroll-web-page-using-selenium-webdriver/ line 1 > scriptElement, line 3: TypeError: k.path is undefined
JavaScript error: https://www.softwaretestingmaterial.com/scroll-web-page-using-selenium-webdriver/ line 1 > scriptElement, line 3: TypeError: k.path is undefined
JavaScript error: https://www.softwaretestingmaterial.com/scroll-web-page-using-selenium-webdriver/ line 1 > scriptElement, line 3: TypeError: k.path is undefined
JavaScript error: https://www.softwaretestingmaterial.com/scroll-web-page-using-selenium-webdriver/ line 1 > scriptElement, line 3: TypeError: k.path is undefined
JavaScript error: https://www.softwaretestingmaterial.com/scroll-web-page-using-selenium-webdriver/ line 1 > scriptElement, line 3: TypeError: k.path is undefined
JavaScript error: https://www.softwaretestingmaterial.com/scroll-web-page-using-selenium-webdriver/ line 1 > scriptElement, line 3: TypeError: k.path is undefined
JavaScript error: https://www.softwaretestingmaterial.com/scroll-web-page-using-selenium-webdriver/ line 1 > scriptElement, line 3: TypeError: k.path is undefined
JavaScript error: https://www.softwaretestingmaterial.com/scroll-web-page-using-selenium-webdriver/ line 1 > scriptElement, line 3: TypeError: k.path is undefined
JavaScript warning: https://www.hepsiburada.com/_Incapsula_Resource?SWJIYLWA=719d34d31c8e3a6e6fffd425f7e032f3&ns=3&cb=1404662414, line 1: unreachable code after return statement
JavaScript warning: https://www.hepsiburada.com/_Incapsula_Resource?SWJIYLWA=719d34d31c8e3a6e6fffd425f7e032f3&ns=3&cb=1404662414, line 1: unreachable code after return statement
JavaScript warning: https://www.hepsiburada.com/_Incapsula_Resource?SWJIYLWA=719d34d31c8e3a6e6fffd425f7e032f3&ns=3&cb=1404662414 line 1 > eval, line 1: unreachable code after return statement
console.error: "Error while calling actor 'layout's method 'getGrids'" "node is null"
console.error: "getGrids@resource://devtools/server/actors/layout.js:501:26\ngetGrids@resource://devtools/server/actors/layout.js:506:43\nhandler@resource://devtools/shared/protocol/Actor.js:154:37\nonPacket@resource://devtools/server/debugger-server-connection.js:378:58\nreceiveMessage@resource://devtools/shared/transport/child-transport.js:66:16\n"
Handler function threw an exception: [Exception... "Component returned failure code: 0x80040111 (NS_ERROR_NOT_AVAILABLE) [nsICacheInfoChannel.isRacing]"  nsresult: "0x80040111 (NS_ERROR_NOT_AVAILABLE)"  location: "JS frame :: resource://devtools/server/actors/network-monitor/network-response-listener.js :: NetworkResponseListener.prototype._getSecurityInfo< :: line 335"  data: no]
Stack: NetworkResponseListener.prototype._getSecurityInfo<@resource://devtools/server/actors/network-monitor/network-response-listener.js:335:26
exports.makeInfallible/<@resource://devtools/shared/ThreadSafeDevToolsUtils.js:111:22
onStartRequest@resource://devtools/server/actors/network-monitor/network-response-listener.js:224:10
Line: 335, column: 0
console.error: ({})
_RegisterApplication(), FAILED TO establish the default connection to the WindowServer, _CGSDefaultConnection() is NULL.
[Child 7868, MediaDecoderStateMachine #1] WARNING: Decoder=1aae67800 Decode error: NS_ERROR_DOM_MEDIA_FATAL_ERR (0x806e0005) - RefPtr<MediaSourceTrackDemuxer::SamplesPromise> mozilla::MediaSourceTrackDemuxer::DoGetSamples(int32_t): manager is detached.: file /builds/worker/workspace/build/src/dom/media/MediaDecoderStateMachine.cpp, line 3305
[Child 7868, MediaDecoderStateMachine #1] WARNING: Decoder=1aae67800 Decode error: NS_ERROR_DOM_MEDIA_FATAL_ERR (0x806e0005) - RefPtr<MediaSourceTrackDemuxer::SamplesPromise> mozilla::MediaSourceTrackDemuxer::DoGetSamples(int32_t): manager is detached.: file /builds/worker/workspace/build/src/dom/media/MediaDecoderStateMachine.cpp, line 3305
[Child 7868, MediaDecoderStateMachine #1] WARNING: Decoder=1aae67800 Decode error: NS_ERROR_DOM_MEDIA_FATAL_ERR (0x806e0005) - RefPtr<MediaSourceTrackDemuxer::SamplesPromise> mozilla::MediaSourceTrackDemuxer::DoGetSamples(int32_t): manager is detached.: file /builds/worker/workspace/build/src/dom/media/MediaDecoderStateMachine.cpp, line 3305
[Child 7868, MediaDecoderStateMachine #1] WARNING: Decoder=1aae67800 Decode error: NS_ERROR_DOM_MEDIA_FATAL_ERR (0x806e0005) - RefPtr<MediaSourceTrackDemuxer::SamplesPromise> mozilla::MediaSourceTrackDemuxer::DoGetSamples(int32_t): manager is detached.: file /builds/worker/workspace/build/src/dom/media/MediaDecoderStateMachine.cpp, line 3305
[Child 7868, MediaDecoderStateMachine #1] WARNING: Decoder=1aae67800 Decode error: NS_ERROR_DOM_MEDIA_FATAL_ERR (0x806e0005) - RefPtr<MediaSourceTrackDemuxer::SamplesPromise> mozilla::MediaSourceTrackDemuxer::DoGetSamples(int32_t): manager is detached.: file /builds/worker/workspace/build/src/dom/media/MediaDecoderStateMachine.cpp, line 3305
JavaScript warning: https://static.adsafeprotected.com/sca.17.4.95.js, line 32: Array.slice is deprecated; use Array.prototype.slice instead
JavaScript error: https://acdn.adnxs.com/ast/static/0.22.0/ast.js, line 1: TypeError: e is null
